{"D:\\publish双网\\cache.js": {"path":"D:\\publish双网\\cache.js","statementMap":{"0":{"start":{"line":3,"column":25},"end":{"line":3,"column":44}},"1":{"start":{"line":12,"column":4},"end":{"line":12,"column":44}},"2":{"start":{"line":13,"column":4},"end":{"line":13,"column":26}},"3":{"start":{"line":18,"column":4},"end":{"line":18,"column":26}},"4":{"start":{"line":23,"column":4},"end":{"line":23,"column":30}},"5":{"start":{"line":28,"column":4},"end":{"line":28,"column":46}},"6":{"start":{"line":28,"column":29},"end":{"line":28,"column":46}},"7":{"start":{"line":29,"column":18},"end":{"line":29,"column":36}},"8":{"start":{"line":31,"column":4},"end":{"line":31,"column":26}},"9":{"start":{"line":32,"column":4},"end":{"line":32,"column":30}},"10":{"start":{"line":33,"column":4},"end":{"line":33,"column":17}},"11":{"start":{"line":38,"column":4},"end":{"line":44,"column":5}},"12":{"start":{"line":39,"column":6},"end":{"line":39,"column":28}},"13":{"start":{"line":40,"column":11},"end":{"line":44,"column":5}},"14":{"start":{"line":42,"column":24},"end":{"line":42,"column":53}},"15":{"start":{"line":43,"column":6},"end":{"line":43,"column":34}},"16":{"start":{"line":45,"column":4},"end":{"line":45,"column":30}},"17":{"start":{"line":50,"column":4},"end":{"line":50,"column":22}},"18":{"start":{"line":54,"column":0},"end":{"line":54,"column":26}}},"fnMap":{"0":{"name":"(anonymous_0)","decl":{"start":{"line":11,"column":2},"end":{"line":11,"column":3}},"loc":{"start":{"line":11,"column":23},"end":{"line":14,"column":3}},"line":11},"1":{"name":"(anonymous_1)","decl":{"start":{"line":17,"column":2},"end":{"line":17,"column":3}},"loc":{"start":{"line":17,"column":13},"end":{"line":19,"column":3}},"line":17},"2":{"name":"(anonymous_2)","decl":{"start":{"line":22,"column":2},"end":{"line":22,"column":3}},"loc":{"start":{"line":22,"column":11},"end":{"line":24,"column":3}},"line":22},"3":{"name":"(anonymous_3)","decl":{"start":{"line":27,"column":2},"end":{"line":27,"column":3}},"loc":{"start":{"line":27,"column":11},"end":{"line":34,"column":3}},"line":27},"4":{"name":"(anonymous_4)","decl":{"start":{"line":37,"column":2},"end":{"line":37,"column":3}},"loc":{"start":{"line":37,"column":18},"end":{"line":46,"column":3}},"line":37},"5":{"name":"(anonymous_5)","decl":{"start":{"line":49,"column":2},"end":{"line":49,"column":3}},"loc":{"start":{"line":49,"column":10},"end":{"line":51,"column":3}},"line":49}},"branchMap":{"0":{"loc":{"start":{"line":12,"column":20},"end":{"line":12,"column":43}},"type":"binary-expr","locations":[{"start":{"line":12,"column":20},"end":{"line":12,"column":27}},{"start":{"line":12,"column":31},"end":{"line":12,"column":43}}],"line":12},"1":{"loc":{"start":{"line":28,"column":4},"end":{"line":28,"column":46}},"type":"if","locations":[{"start":{"line":28,"column":4},"end":{"line":28,"column":46}},{"start":{},"end":{}}],"line":28},"2":{"loc":{"start":{"line":38,"column":4},"end":{"line":44,"column":5}},"type":"if","locations":[{"start":{"line":38,"column":4},"end":{"line":44,"column":5}},{"start":{"line":40,"column":11},"end":{"line":44,"column":5}}],"line":38},"3":{"loc":{"start":{"line":40,"column":11},"end":{"line":44,"column":5}},"type":"if","locations":[{"start":{"line":40,"column":11},"end":{"line":44,"column":5}},{"start":{},"end":{}}],"line":40}},"s":{"0":2,"1":10,"2":10,"3":6,"4":0,"5":17,"6":6,"7":11,"8":11,"9":11,"10":11,"11":17,"12":1,"13":16,"14":3,"15":3,"16":17,"17":1,"18":2},"f":{"0":10,"1":6,"2":0,"3":17,"4":17,"5":1},"b":{"0":[10,0],"1":[6,11],"2":[1,16],"3":[3,13]},"_coverageSchema":"1a1c01bbd47fc00a2c39e90264f33305004495a9","hash":"0cd78fd43a2662669b35cbc296ea7403bb8c4303"}
,"D:\\publish双网\\config.js": {"path":"D:\\publish双网\\config.js","statementMap":{"0":{"start":{"line":1,"column":13},"end":{"line":1,"column":28}},"1":{"start":{"line":4,"column":23},"end":{"line":9,"column":1}},"2":{"start":{"line":12,"column":15},"end":{"line":57,"column":1}},"3":{"start":{"line":59,"column":0},"end":{"line":59,"column":24}}},"fnMap":{},"branchMap":{"0":{"loc":{"start":{"line":13,"column":8},"end":{"line":13,"column":32}},"type":"binary-expr","locations":[{"start":{"line":13,"column":8},"end":{"line":13,"column":24}},{"start":{"line":13,"column":28},"end":{"line":13,"column":32}}],"line":13},"1":{"loc":{"start":{"line":25,"column":16},"end":{"line":25,"column":71}},"type":"binary-expr","locations":[{"start":{"line":25,"column":16},"end":{"line":25,"column":63}},{"start":{"line":25,"column":67},"end":{"line":25,"column":71}}],"line":25},"2":{"loc":{"start":{"line":28,"column":13},"end":{"line":28,"column":44}},"type":"binary-expr","locations":[{"start":{"line":28,"column":13},"end":{"line":28,"column":35}},{"start":{"line":28,"column":39},"end":{"line":28,"column":44}}],"line":28},"3":{"loc":{"start":{"line":31,"column":19},"end":{"line":31,"column":52}},"type":"binary-expr","locations":[{"start":{"line":31,"column":19},"end":{"line":31,"column":46}},{"start":{"line":31,"column":50},"end":{"line":31,"column":52}}],"line":31},"4":{"loc":{"start":{"line":34,"column":19},"end":{"line":34,"column":78}},"type":"binary-expr","locations":[{"start":{"line":34,"column":19},"end":{"line":34,"column":69}},{"start":{"line":34,"column":73},"end":{"line":34,"column":78}}],"line":34},"5":{"loc":{"start":{"line":35,"column":16},"end":{"line":35,"column":69}},"type":"binary-expr","locations":[{"start":{"line":35,"column":16},"end":{"line":35,"column":63}},{"start":{"line":35,"column":67},"end":{"line":35,"column":69}}],"line":35},"6":{"loc":{"start":{"line":38,"column":17},"end":{"line":38,"column":80}},"type":"binary-expr","locations":[{"start":{"line":38,"column":17},"end":{"line":38,"column":65}},{"start":{"line":38,"column":69},"end":{"line":38,"column":80}}],"line":38}},"s":{"0":2,"1":2,"2":2,"3":2},"f":{},"b":{"0":[2,2],"1":[2,2],"2":[2,2],"3":[2,2],"4":[2,2],"5":[2,2],"6":[2,2]},"_coverageSchema":"1a1c01bbd47fc00a2c39e90264f33305004495a9","hash":"5174af5b6fd221826c717befcf63246d0e711672"}
,"D:\\publish双网\\htmlParser.js": {"path":"D:\\publish双网\\htmlParser.js","statementMap":{"0":{"start":{"line":3,"column":16},"end":{"line":3,"column":34}},"1":{"start":{"line":4,"column":14},"end":{"line":4,"column":35}},"2":{"start":{"line":5,"column":15},"end":{"line":5,"column":34}},"3":{"start":{"line":11,"column":26},"end":{"line":15,"column":3}},"4":{"start":{"line":16,"column":2},"end":{"line":18,"column":3}},"5":{"start":{"line":17,"column":4},"end":{"line":17,"column":40}},"6":{"start":{"line":17,"column":27},"end":{"line":17,"column":40}},"7":{"start":{"line":20,"column":26},"end":{"line":22,"column":3}},"8":{"start":{"line":23,"column":2},"end":{"line":25,"column":3}},"9":{"start":{"line":24,"column":4},"end":{"line":24,"column":17}},"10":{"start":{"line":26,"column":2},"end":{"line":26,"column":14}},"11":{"start":{"line":35,"column":2},"end":{"line":70,"column":3}},"12":{"start":{"line":37,"column":4},"end":{"line":53,"column":5}},"13":{"start":{"line":38,"column":22},"end":{"line":38,"column":51}},"14":{"start":{"line":40,"column":6},"end":{"line":45,"column":7}},"15":{"start":{"line":41,"column":8},"end":{"line":41,"column":30}},"16":{"start":{"line":44,"column":8},"end":{"line":44,"column":55}},"17":{"start":{"line":48,"column":6},"end":{"line":52,"column":7}},"18":{"start":{"line":49,"column":8},"end":{"line":49,"column":55}},"19":{"start":{"line":51,"column":8},"end":{"line":51,"column":52}},"20":{"start":{"line":54,"column":9},"end":{"line":70,"column":3}},"21":{"start":{"line":56,"column":25},"end":{"line":56,"column":56}},"22":{"start":{"line":57,"column":4},"end":{"line":69,"column":5}},"23":{"start":{"line":59,"column":6},"end":{"line":68,"column":7}},"24":{"start":{"line":61,"column":8},"end":{"line":67,"column":9}},"25":{"start":{"line":62,"column":22},"end":{"line":62,"column":56}},"26":{"start":{"line":63,"column":10},"end":{"line":63,"column":49}},"27":{"start":{"line":64,"column":10},"end":{"line":64,"column":37}},"28":{"start":{"line":66,"column":10},"end":{"line":66,"column":49}},"29":{"start":{"line":73,"column":12},"end":{"line":73,"column":65}},"30":{"start":{"line":74,"column":20},"end":{"line":74,"column":22}},"31":{"start":{"line":77,"column":2},"end":{"line":127,"column":5}},"32":{"start":{"line":78,"column":16},"end":{"line":78,"column":21}},"33":{"start":{"line":81,"column":19},"end":{"line":81,"column":21}},"34":{"start":{"line":82,"column":17},"end":{"line":82,"column":61}},"35":{"start":{"line":83,"column":4},"end":{"line":95,"column":5}},"36":{"start":{"line":84,"column":6},"end":{"line":84,"column":42}},"37":{"start":{"line":87,"column":23},"end":{"line":87,"column":48}},"38":{"start":{"line":88,"column":6},"end":{"line":94,"column":7}},"39":{"start":{"line":89,"column":26},"end":{"line":89,"column":61}},"40":{"start":{"line":90,"column":21},"end":{"line":90,"column":53}},"41":{"start":{"line":91,"column":8},"end":{"line":93,"column":9}},"42":{"start":{"line":92,"column":10},"end":{"line":92,"column":31}},"43":{"start":{"line":98,"column":4},"end":{"line":106,"column":5}},"44":{"start":{"line":99,"column":21},"end":{"line":99,"column":43}},"45":{"start":{"line":100,"column":23},"end":{"line":100,"column":42}},"46":{"start":{"line":101,"column":6},"end":{"line":105,"column":7}},"47":{"start":{"line":102,"column":8},"end":{"line":102,"column":57}},"48":{"start":{"line":103,"column":8},"end":{"line":103,"column":54}},"49":{"start":{"line":104,"column":8},"end":{"line":104,"column":47}},"50":{"start":{"line":109,"column":19},"end":{"line":109,"column":21}},"51":{"start":{"line":109,"column":34},"end":{"line":109,"column":36}},"52":{"start":{"line":109,"column":49},"end":{"line":109,"column":51}},"53":{"start":{"line":109,"column":64},"end":{"line":109,"column":66}},"54":{"start":{"line":110,"column":24},"end":{"line":110,"column":77}},"55":{"start":{"line":111,"column":4},"end":{"line":122,"column":7}},"56":{"start":{"line":112,"column":19},"end":{"line":112,"column":41}},"57":{"start":{"line":113,"column":20},"end":{"line":113,"column":52}},"58":{"start":{"line":114,"column":6},"end":{"line":121,"column":7}},"59":{"start":{"line":115,"column":23},"end":{"line":115,"column":45}},"60":{"start":{"line":116,"column":24},"end":{"line":116,"column":39}},"61":{"start":{"line":117,"column":8},"end":{"line":120,"column":64}},"62":{"start":{"line":117,"column":28},"end":{"line":117,"column":59}},"63":{"start":{"line":118,"column":13},"end":{"line":120,"column":64}},"64":{"start":{"line":118,"column":33},"end":{"line":118,"column":64}},"65":{"start":{"line":119,"column":13},"end":{"line":120,"column":64}},"66":{"start":{"line":119,"column":33},"end":{"line":119,"column":64}},"67":{"start":{"line":120,"column":13},"end":{"line":120,"column":64}},"68":{"start":{"line":120,"column":33},"end":{"line":120,"column":64}},"69":{"start":{"line":124,"column":4},"end":{"line":126,"column":5}},"70":{"start":{"line":125,"column":6},"end":{"line":125,"column":75}},"71":{"start":{"line":130,"column":2},"end":{"line":203,"column":3}},"72":{"start":{"line":131,"column":19},"end":{"line":131,"column":40}},"73":{"start":{"line":132,"column":4},"end":{"line":202,"column":7}},"74":{"start":{"line":133,"column":21},"end":{"line":133,"column":26}},"75":{"start":{"line":134,"column":27},"end":{"line":134,"column":60}},"76":{"start":{"line":136,"column":6},"end":{"line":136,"column":44}},"77":{"start":{"line":136,"column":37},"end":{"line":136,"column":44}},"78":{"start":{"line":139,"column":23},"end":{"line":139,"column":25}},"79":{"start":{"line":140,"column":21},"end":{"line":140,"column":23}},"80":{"start":{"line":141,"column":21},"end":{"line":141,"column":23}},"81":{"start":{"line":141,"column":36},"end":{"line":141,"column":38}},"82":{"start":{"line":141,"column":51},"end":{"line":141,"column":53}},"83":{"start":{"line":141,"column":66},"end":{"line":141,"column":68}},"84":{"start":{"line":143,"column":6},"end":{"line":185,"column":9}},"85":{"start":{"line":144,"column":21},"end":{"line":144,"column":41}},"86":{"start":{"line":146,"column":22},"end":{"line":146,"column":55}},"87":{"start":{"line":147,"column":8},"end":{"line":184,"column":9}},"88":{"start":{"line":148,"column":25},"end":{"line":148,"column":47}},"89":{"start":{"line":149,"column":26},"end":{"line":149,"column":41}},"90":{"start":{"line":151,"column":10},"end":{"line":177,"column":11}},"91":{"start":{"line":154,"column":12},"end":{"line":154,"column":30}},"92":{"start":{"line":156,"column":27},"end":{"line":156,"column":42}},"93":{"start":{"line":158,"column":31},"end":{"line":158,"column":44}},"94":{"start":{"line":159,"column":12},"end":{"line":164,"column":13}},"95":{"start":{"line":160,"column":28},"end":{"line":160,"column":52}},"96":{"start":{"line":161,"column":14},"end":{"line":163,"column":15}},"97":{"start":{"line":162,"column":16},"end":{"line":162,"column":33}},"98":{"start":{"line":166,"column":12},"end":{"line":176,"column":13}},"99":{"start":{"line":168,"column":28},"end":{"line":168,"column":54}},"100":{"start":{"line":169,"column":14},"end":{"line":175,"column":15}},"101":{"start":{"line":171,"column":31},"end":{"line":171,"column":72}},"102":{"start":{"line":172,"column":16},"end":{"line":174,"column":17}},"103":{"start":{"line":173,"column":18},"end":{"line":173,"column":75}},"104":{"start":{"line":180,"column":10},"end":{"line":183,"column":54}},"105":{"start":{"line":180,"column":30},"end":{"line":180,"column":49}},"106":{"start":{"line":181,"column":15},"end":{"line":183,"column":54}},"107":{"start":{"line":181,"column":35},"end":{"line":181,"column":54}},"108":{"start":{"line":182,"column":15},"end":{"line":183,"column":54}},"109":{"start":{"line":182,"column":35},"end":{"line":182,"column":54}},"110":{"start":{"line":183,"column":15},"end":{"line":183,"column":54}},"111":{"start":{"line":183,"column":35},"end":{"line":183,"column":54}},"112":{"start":{"line":188,"column":6},"end":{"line":197,"column":7}},"113":{"start":{"line":190,"column":23},"end":{"line":190,"column":69}},"114":{"start":{"line":192,"column":8},"end":{"line":196,"column":9}},"115":{"start":{"line":193,"column":10},"end":{"line":193,"column":28}},"116":{"start":{"line":195,"column":10},"end":{"line":195,"column":32}},"117":{"start":{"line":199,"column":6},"end":{"line":201,"column":7}},"118":{"start":{"line":200,"column":8},"end":{"line":200,"column":77}},"119":{"start":{"line":206,"column":2},"end":{"line":252,"column":3}},"120":{"start":{"line":207,"column":22},"end":{"line":207,"column":45}},"121":{"start":{"line":208,"column":26},"end":{"line":208,"column":28}},"122":{"start":{"line":209,"column":25},"end":{"line":209,"column":27}},"123":{"start":{"line":211,"column":4},"end":{"line":240,"column":7}},"124":{"start":{"line":212,"column":19},"end":{"line":212,"column":38}},"125":{"start":{"line":213,"column":20},"end":{"line":213,"column":53}},"126":{"start":{"line":215,"column":6},"end":{"line":239,"column":7}},"127":{"start":{"line":216,"column":23},"end":{"line":216,"column":45}},"128":{"start":{"line":217,"column":24},"end":{"line":217,"column":39}},"129":{"start":{"line":220,"column":8},"end":{"line":223,"column":61}},"130":{"start":{"line":220,"column":28},"end":{"line":220,"column":56}},"131":{"start":{"line":221,"column":13},"end":{"line":223,"column":61}},"132":{"start":{"line":221,"column":33},"end":{"line":221,"column":61}},"133":{"start":{"line":222,"column":13},"end":{"line":223,"column":61}},"134":{"start":{"line":222,"column":33},"end":{"line":222,"column":61}},"135":{"start":{"line":223,"column":13},"end":{"line":223,"column":61}},"136":{"start":{"line":223,"column":33},"end":{"line":223,"column":61}},"137":{"start":{"line":224,"column":13},"end":{"line":239,"column":7}},"138":{"start":{"line":226,"column":8},"end":{"line":235,"column":9}},"139":{"start":{"line":226,"column":56},"end":{"line":226,"column":57}},"140":{"start":{"line":228,"column":10},"end":{"line":234,"column":13}},"141":{"start":{"line":237,"column":8},"end":{"line":237,"column":31}},"142":{"start":{"line":238,"column":8},"end":{"line":238,"column":28}},"143":{"start":{"line":243,"column":4},"end":{"line":251,"column":5}},"144":{"start":{"line":243,"column":52},"end":{"line":243,"column":53}},"145":{"start":{"line":244,"column":6},"end":{"line":250,"column":9}},"146":{"start":{"line":256,"column":2},"end":{"line":335,"column":3}},"147":{"start":{"line":258,"column":4},"end":{"line":334,"column":7}},"148":{"start":{"line":259,"column":25},"end":{"line":259,"column":30}},"149":{"start":{"line":263,"column":19},"end":{"line":263,"column":92}},"150":{"start":{"line":263,"column":61},"end":{"line":263,"column":91}},"151":{"start":{"line":264,"column":6},"end":{"line":267,"column":7}},"152":{"start":{"line":266,"column":8},"end":{"line":266,"column":49}},"153":{"start":{"line":269,"column":6},"end":{"line":269,"column":33}},"154":{"start":{"line":269,"column":26},"end":{"line":269,"column":33}},"155":{"start":{"line":271,"column":20},"end":{"line":271,"column":40}},"156":{"start":{"line":273,"column":28},"end":{"line":273,"column":63}},"157":{"start":{"line":274,"column":23},"end":{"line":274,"column":72}},"158":{"start":{"line":276,"column":6},"end":{"line":276,"column":28}},"159":{"start":{"line":276,"column":21},"end":{"line":276,"column":28}},"160":{"start":{"line":280,"column":21},"end":{"line":280,"column":23}},"161":{"start":{"line":280,"column":36},"end":{"line":280,"column":38}},"162":{"start":{"line":280,"column":51},"end":{"line":280,"column":53}},"163":{"start":{"line":280,"column":66},"end":{"line":280,"column":68}},"164":{"start":{"line":281,"column":21},"end":{"line":281,"column":45}},"165":{"start":{"line":284,"column":8},"end":{"line":284,"column":31}},"166":{"start":{"line":284,"column":19},"end":{"line":284,"column":31}},"167":{"start":{"line":285,"column":8},"end":{"line":285,"column":27}},"168":{"start":{"line":288,"column":22},"end":{"line":288,"column":63}},"169":{"start":{"line":289,"column":8},"end":{"line":291,"column":9}},"170":{"start":{"line":290,"column":10},"end":{"line":290,"column":78}},"171":{"start":{"line":292,"column":8},"end":{"line":292,"column":20}},"172":{"start":{"line":295,"column":6},"end":{"line":306,"column":7}},"173":{"start":{"line":296,"column":8},"end":{"line":305,"column":11}},"174":{"start":{"line":297,"column":23},"end":{"line":297,"column":38}},"175":{"start":{"line":298,"column":25},"end":{"line":298,"column":46}},"176":{"start":{"line":299,"column":10},"end":{"line":304,"column":11}},"177":{"start":{"line":300,"column":12},"end":{"line":303,"column":82}},"178":{"start":{"line":300,"column":39},"end":{"line":300,"column":77}},"179":{"start":{"line":301,"column":17},"end":{"line":303,"column":82}},"180":{"start":{"line":301,"column":44},"end":{"line":301,"column":82}},"181":{"start":{"line":302,"column":17},"end":{"line":303,"column":82}},"182":{"start":{"line":302,"column":44},"end":{"line":302,"column":82}},"183":{"start":{"line":303,"column":17},"end":{"line":303,"column":82}},"184":{"start":{"line":303,"column":44},"end":{"line":303,"column":82}},"185":{"start":{"line":309,"column":6},"end":{"line":321,"column":7}},"186":{"start":{"line":310,"column":20},"end":{"line":310,"column":47}},"187":{"start":{"line":311,"column":8},"end":{"line":320,"column":11}},"188":{"start":{"line":312,"column":23},"end":{"line":312,"column":35}},"189":{"start":{"line":313,"column":25},"end":{"line":313,"column":46}},"190":{"start":{"line":314,"column":10},"end":{"line":319,"column":11}},"191":{"start":{"line":315,"column":12},"end":{"line":318,"column":82}},"192":{"start":{"line":315,"column":39},"end":{"line":315,"column":77}},"193":{"start":{"line":316,"column":17},"end":{"line":318,"column":82}},"194":{"start":{"line":316,"column":44},"end":{"line":316,"column":82}},"195":{"start":{"line":317,"column":17},"end":{"line":318,"column":82}},"196":{"start":{"line":317,"column":44},"end":{"line":317,"column":82}},"197":{"start":{"line":318,"column":17},"end":{"line":318,"column":82}},"198":{"start":{"line":318,"column":44},"end":{"line":318,"column":82}},"199":{"start":{"line":323,"column":6},"end":{"line":333,"column":7}},"200":{"start":{"line":325,"column":27},"end":{"line":325,"column":75}},"201":{"start":{"line":326,"column":23},"end":{"line":326,"column":68}},"202":{"start":{"line":327,"column":27},"end":{"line":327,"column":35}},"203":{"start":{"line":328,"column":8},"end":{"line":329,"column":62}},"204":{"start":{"line":328,"column":44},"end":{"line":328,"column":70}},"205":{"start":{"line":329,"column":13},"end":{"line":329,"column":62}},"206":{"start":{"line":329,"column":36},"end":{"line":329,"column":62}},"207":{"start":{"line":332,"column":8},"end":{"line":332,"column":106}},"208":{"start":{"line":337,"column":2},"end":{"line":337,"column":49}},"209":{"start":{"line":340,"column":0},"end":{"line":340,"column":38}}},"fnMap":{"0":{"name":"isValidUTF8","decl":{"start":{"line":8,"column":9},"end":{"line":8,"column":20}},"loc":{"start":{"line":8,"column":26},"end":{"line":27,"column":1}},"line":8},"1":{"name":"extractQuestions","decl":{"start":{"line":33,"column":9},"end":{"line":33,"column":25}},"loc":{"start":{"line":33,"column":39},"end":{"line":338,"column":1}},"line":33},"2":{"name":"(anonymous_2)","decl":{"start":{"line":77,"column":16},"end":{"line":77,"column":17}},"loc":{"start":{"line":77,"column":28},"end":{"line":127,"column":3}},"line":77},"3":{"name":"(anonymous_3)","decl":{"start":{"line":111,"column":21},"end":{"line":111,"column":22}},"loc":{"start":{"line":111,"column":36},"end":{"line":122,"column":5}},"line":111},"4":{"name":"(anonymous_4)","decl":{"start":{"line":132,"column":16},"end":{"line":132,"column":17}},"loc":{"start":{"line":132,"column":28},"end":{"line":202,"column":5}},"line":132},"5":{"name":"(anonymous_5)","decl":{"start":{"line":143,"column":24},"end":{"line":143,"column":25}},"loc":{"start":{"line":143,"column":38},"end":{"line":185,"column":7}},"line":143},"6":{"name":"(anonymous_6)","decl":{"start":{"line":211,"column":19},"end":{"line":211,"column":20}},"loc":{"start":{"line":211,"column":32},"end":{"line":240,"column":5}},"line":211},"7":{"name":"(anonymous_7)","decl":{"start":{"line":226,"column":51},"end":{"line":226,"column":52}},"loc":{"start":{"line":226,"column":56},"end":{"line":226,"column":57}},"line":226},"8":{"name":"(anonymous_8)","decl":{"start":{"line":243,"column":47},"end":{"line":243,"column":48}},"loc":{"start":{"line":243,"column":52},"end":{"line":243,"column":53}},"line":243},"9":{"name":"(anonymous_9)","decl":{"start":{"line":258,"column":28},"end":{"line":258,"column":29}},"loc":{"start":{"line":258,"column":40},"end":{"line":334,"column":5}},"line":258},"10":{"name":"(anonymous_10)","decl":{"start":{"line":263,"column":50},"end":{"line":263,"column":51}},"loc":{"start":{"line":263,"column":61},"end":{"line":263,"column":91}},"line":263},"11":{"name":"parseOptionText","decl":{"start":{"line":283,"column":15},"end":{"line":283,"column":30}},"loc":{"start":{"line":283,"column":37},"end":{"line":293,"column":7}},"line":283},"12":{"name":"(anonymous_12)","decl":{"start":{"line":296,"column":20},"end":{"line":296,"column":21}},"loc":{"start":{"line":296,"column":35},"end":{"line":305,"column":9}},"line":296},"13":{"name":"(anonymous_13)","decl":{"start":{"line":311,"column":17},"end":{"line":311,"column":18}},"loc":{"start":{"line":311,"column":29},"end":{"line":320,"column":9}},"line":311}},"branchMap":{"0":{"loc":{"start":{"line":17,"column":4},"end":{"line":17,"column":40}},"type":"if","locations":[{"start":{"line":17,"column":4},"end":{"line":17,"column":40}},{"start":{},"end":{}}],"line":17},"1":{"loc":{"start":{"line":23,"column":2},"end":{"line":25,"column":3}},"type":"if","locations":[{"start":{"line":23,"column":2},"end":{"line":25,"column":3}},{"start":{},"end":{}}],"line":23},"2":{"loc":{"start":{"line":23,"column":6},"end":{"line":23,"column":66}},"type":"binary-expr","locations":[{"start":{"line":23,"column":6},"end":{"line":23,"column":21}},{"start":{"line":23,"column":25},"end":{"line":23,"column":66}}],"line":23},"3":{"loc":{"start":{"line":35,"column":2},"end":{"line":70,"column":3}},"type":"if","locations":[{"start":{"line":35,"column":2},"end":{"line":70,"column":3}},{"start":{"line":54,"column":9},"end":{"line":70,"column":3}}],"line":35},"4":{"loc":{"start":{"line":40,"column":6},"end":{"line":45,"column":7}},"type":"if","locations":[{"start":{"line":40,"column":6},"end":{"line":45,"column":7}},{"start":{"line":42,"column":13},"end":{"line":45,"column":7}}],"line":40},"5":{"loc":{"start":{"line":54,"column":9},"end":{"line":70,"column":3}},"type":"if","locations":[{"start":{"line":54,"column":9},"end":{"line":70,"column":3}},{"start":{},"end":{}}],"line":54},"6":{"loc":{"start":{"line":57,"column":4},"end":{"line":69,"column":5}},"type":"if","locations":[{"start":{"line":57,"column":4},"end":{"line":69,"column":5}},{"start":{},"end":{}}],"line":57},"7":{"loc":{"start":{"line":59,"column":6},"end":{"line":68,"column":7}},"type":"if","locations":[{"start":{"line":59,"column":6},"end":{"line":68,"column":7}},{"start":{},"end":{}}],"line":59},"8":{"loc":{"start":{"line":83,"column":4},"end":{"line":95,"column":5}},"type":"if","locations":[{"start":{"line":83,"column":4},"end":{"line":95,"column":5}},{"start":{},"end":{}}],"line":83},"9":{"loc":{"start":{"line":88,"column":6},"end":{"line":94,"column":7}},"type":"if","locations":[{"start":{"line":88,"column":6},"end":{"line":94,"column":7}},{"start":{},"end":{}}],"line":88},"10":{"loc":{"start":{"line":91,"column":8},"end":{"line":93,"column":9}},"type":"if","locations":[{"start":{"line":91,"column":8},"end":{"line":93,"column":9}},{"start":{},"end":{}}],"line":91},"11":{"loc":{"start":{"line":98,"column":4},"end":{"line":106,"column":5}},"type":"if","locations":[{"start":{"line":98,"column":4},"end":{"line":106,"column":5}},{"start":{},"end":{}}],"line":98},"12":{"loc":{"start":{"line":101,"column":6},"end":{"line":105,"column":7}},"type":"if","locations":[{"start":{"line":101,"column":6},"end":{"line":105,"column":7}},{"start":{},"end":{}}],"line":101},"13":{"loc":{"start":{"line":101,"column":10},"end":{"line":101,"column":39}},"type":"binary-expr","locations":[{"start":{"line":101,"column":10},"end":{"line":101,"column":22}},{"start":{"line":101,"column":26},"end":{"line":101,"column":39}}],"line":101},"14":{"loc":{"start":{"line":114,"column":6},"end":{"line":121,"column":7}},"type":"if","locations":[{"start":{"line":114,"column":6},"end":{"line":121,"column":7}},{"start":{},"end":{}}],"line":114},"15":{"loc":{"start":{"line":117,"column":8},"end":{"line":120,"column":64}},"type":"if","locations":[{"start":{"line":117,"column":8},"end":{"line":120,"column":64}},{"start":{"line":118,"column":13},"end":{"line":120,"column":64}}],"line":117},"16":{"loc":{"start":{"line":117,"column":39},"end":{"line":117,"column":58}},"type":"binary-expr","locations":[{"start":{"line":117,"column":39},"end":{"line":117,"column":47}},{"start":{"line":117,"column":51},"end":{"line":117,"column":58}}],"line":117},"17":{"loc":{"start":{"line":118,"column":13},"end":{"line":120,"column":64}},"type":"if","locations":[{"start":{"line":118,"column":13},"end":{"line":120,"column":64}},{"start":{"line":119,"column":13},"end":{"line":120,"column":64}}],"line":118},"18":{"loc":{"start":{"line":118,"column":44},"end":{"line":118,"column":63}},"type":"binary-expr","locations":[{"start":{"line":118,"column":44},"end":{"line":118,"column":52}},{"start":{"line":118,"column":56},"end":{"line":118,"column":63}}],"line":118},"19":{"loc":{"start":{"line":119,"column":13},"end":{"line":120,"column":64}},"type":"if","locations":[{"start":{"line":119,"column":13},"end":{"line":120,"column":64}},{"start":{"line":120,"column":13},"end":{"line":120,"column":64}}],"line":119},"20":{"loc":{"start":{"line":119,"column":44},"end":{"line":119,"column":63}},"type":"binary-expr","locations":[{"start":{"line":119,"column":44},"end":{"line":119,"column":52}},{"start":{"line":119,"column":56},"end":{"line":119,"column":63}}],"line":119},"21":{"loc":{"start":{"line":120,"column":13},"end":{"line":120,"column":64}},"type":"if","locations":[{"start":{"line":120,"column":13},"end":{"line":120,"column":64}},{"start":{},"end":{}}],"line":120},"22":{"loc":{"start":{"line":120,"column":44},"end":{"line":120,"column":63}},"type":"binary-expr","locations":[{"start":{"line":120,"column":44},"end":{"line":120,"column":52}},{"start":{"line":120,"column":56},"end":{"line":120,"column":63}}],"line":120},"23":{"loc":{"start":{"line":124,"column":4},"end":{"line":126,"column":5}},"type":"if","locations":[{"start":{"line":124,"column":4},"end":{"line":126,"column":5}},{"start":{},"end":{}}],"line":124},"24":{"loc":{"start":{"line":130,"column":2},"end":{"line":203,"column":3}},"type":"if","locations":[{"start":{"line":130,"column":2},"end":{"line":203,"column":3}},{"start":{},"end":{}}],"line":130},"25":{"loc":{"start":{"line":136,"column":6},"end":{"line":136,"column":44}},"type":"if","locations":[{"start":{"line":136,"column":6},"end":{"line":136,"column":44}},{"start":{},"end":{}}],"line":136},"26":{"loc":{"start":{"line":147,"column":8},"end":{"line":184,"column":9}},"type":"if","locations":[{"start":{"line":147,"column":8},"end":{"line":184,"column":9}},{"start":{},"end":{}}],"line":147},"27":{"loc":{"start":{"line":151,"column":10},"end":{"line":177,"column":11}},"type":"if","locations":[{"start":{"line":151,"column":10},"end":{"line":177,"column":11}},{"start":{},"end":{}}],"line":151},"28":{"loc":{"start":{"line":159,"column":12},"end":{"line":164,"column":13}},"type":"if","locations":[{"start":{"line":159,"column":12},"end":{"line":164,"column":13}},{"start":{},"end":{}}],"line":159},"29":{"loc":{"start":{"line":159,"column":16},"end":{"line":159,"column":65}},"type":"binary-expr","locations":[{"start":{"line":159,"column":16},"end":{"line":159,"column":33}},{"start":{"line":159,"column":37},"end":{"line":159,"column":65}}],"line":159},"30":{"loc":{"start":{"line":161,"column":14},"end":{"line":163,"column":15}},"type":"if","locations":[{"start":{"line":161,"column":14},"end":{"line":163,"column":15}},{"start":{},"end":{}}],"line":161},"31":{"loc":{"start":{"line":161,"column":18},"end":{"line":161,"column":53}},"type":"binary-expr","locations":[{"start":{"line":161,"column":18},"end":{"line":161,"column":23}},{"start":{"line":161,"column":27},"end":{"line":161,"column":53}}],"line":161},"32":{"loc":{"start":{"line":166,"column":12},"end":{"line":176,"column":13}},"type":"if","locations":[{"start":{"line":166,"column":12},"end":{"line":176,"column":13}},{"start":{},"end":{}}],"line":166},"33":{"loc":{"start":{"line":169,"column":14},"end":{"line":175,"column":15}},"type":"if","locations":[{"start":{"line":169,"column":14},"end":{"line":175,"column":15}},{"start":{},"end":{}}],"line":169},"34":{"loc":{"start":{"line":172,"column":16},"end":{"line":174,"column":17}},"type":"if","locations":[{"start":{"line":172,"column":16},"end":{"line":174,"column":17}},{"start":{},"end":{}}],"line":172},"35":{"loc":{"start":{"line":180,"column":10},"end":{"line":183,"column":54}},"type":"if","locations":[{"start":{"line":180,"column":10},"end":{"line":183,"column":54}},{"start":{"line":181,"column":15},"end":{"line":183,"column":54}}],"line":180},"36":{"loc":{"start":{"line":181,"column":15},"end":{"line":183,"column":54}},"type":"if","locations":[{"start":{"line":181,"column":15},"end":{"line":183,"column":54}},{"start":{"line":182,"column":15},"end":{"line":183,"column":54}}],"line":181},"37":{"loc":{"start":{"line":182,"column":15},"end":{"line":183,"column":54}},"type":"if","locations":[{"start":{"line":182,"column":15},"end":{"line":183,"column":54}},{"start":{"line":183,"column":15},"end":{"line":183,"column":54}}],"line":182},"38":{"loc":{"start":{"line":183,"column":15},"end":{"line":183,"column":54}},"type":"if","locations":[{"start":{"line":183,"column":15},"end":{"line":183,"column":54}},{"start":{},"end":{}}],"line":183},"39":{"loc":{"start":{"line":188,"column":6},"end":{"line":197,"column":7}},"type":"if","locations":[{"start":{"line":188,"column":6},"end":{"line":197,"column":7}},{"start":{},"end":{}}],"line":188},"40":{"loc":{"start":{"line":188,"column":10},"end":{"line":188,"column":33}},"type":"binary-expr","locations":[{"start":{"line":188,"column":10},"end":{"line":188,"column":19}},{"start":{"line":188,"column":23},"end":{"line":188,"column":33}}],"line":188},"41":{"loc":{"start":{"line":192,"column":8},"end":{"line":196,"column":9}},"type":"if","locations":[{"start":{"line":192,"column":8},"end":{"line":196,"column":9}},{"start":{"line":194,"column":15},"end":{"line":196,"column":9}}],"line":192},"42":{"loc":{"start":{"line":199,"column":6},"end":{"line":201,"column":7}},"type":"if","locations":[{"start":{"line":199,"column":6},"end":{"line":201,"column":7}},{"start":{},"end":{}}],"line":199},"43":{"loc":{"start":{"line":199,"column":10},"end":{"line":199,"column":68}},"type":"binary-expr","locations":[{"start":{"line":199,"column":10},"end":{"line":199,"column":18}},{"start":{"line":199,"column":23},"end":{"line":199,"column":31}},{"start":{"line":199,"column":35},"end":{"line":199,"column":43}},{"start":{"line":199,"column":47},"end":{"line":199,"column":55}},{"start":{"line":199,"column":59},"end":{"line":199,"column":67}}],"line":199},"44":{"loc":{"start":{"line":206,"column":2},"end":{"line":252,"column":3}},"type":"if","locations":[{"start":{"line":206,"column":2},"end":{"line":252,"column":3}},{"start":{},"end":{}}],"line":206},"45":{"loc":{"start":{"line":215,"column":6},"end":{"line":239,"column":7}},"type":"if","locations":[{"start":{"line":215,"column":6},"end":{"line":239,"column":7}},{"start":{"line":224,"column":13},"end":{"line":239,"column":7}}],"line":215},"46":{"loc":{"start":{"line":220,"column":8},"end":{"line":223,"column":61}},"type":"if","locations":[{"start":{"line":220,"column":8},"end":{"line":223,"column":61}},{"start":{"line":221,"column":13},"end":{"line":223,"column":61}}],"line":220},"47":{"loc":{"start":{"line":221,"column":13},"end":{"line":223,"column":61}},"type":"if","locations":[{"start":{"line":221,"column":13},"end":{"line":223,"column":61}},{"start":{"line":222,"column":13},"end":{"line":223,"column":61}}],"line":221},"48":{"loc":{"start":{"line":222,"column":13},"end":{"line":223,"column":61}},"type":"if","locations":[{"start":{"line":222,"column":13},"end":{"line":223,"column":61}},{"start":{"line":223,"column":13},"end":{"line":223,"column":61}}],"line":222},"49":{"loc":{"start":{"line":223,"column":13},"end":{"line":223,"column":61}},"type":"if","locations":[{"start":{"line":223,"column":13},"end":{"line":223,"column":61}},{"start":{},"end":{}}],"line":223},"50":{"loc":{"start":{"line":224,"column":13},"end":{"line":239,"column":7}},"type":"if","locations":[{"start":{"line":224,"column":13},"end":{"line":239,"column":7}},{"start":{},"end":{}}],"line":224},"51":{"loc":{"start":{"line":224,"column":17},"end":{"line":224,"column":46}},"type":"binary-expr","locations":[{"start":{"line":224,"column":17},"end":{"line":224,"column":21}},{"start":{"line":224,"column":25},"end":{"line":224,"column":46}}],"line":224},"52":{"loc":{"start":{"line":226,"column":8},"end":{"line":235,"column":9}},"type":"if","locations":[{"start":{"line":226,"column":8},"end":{"line":235,"column":9}},{"start":{},"end":{}}],"line":226},"53":{"loc":{"start":{"line":226,"column":12},"end":{"line":226,"column":58}},"type":"binary-expr","locations":[{"start":{"line":226,"column":12},"end":{"line":226,"column":27}},{"start":{"line":226,"column":31},"end":{"line":226,"column":58}}],"line":226},"54":{"loc":{"start":{"line":230,"column":22},"end":{"line":230,"column":45}},"type":"binary-expr","locations":[{"start":{"line":230,"column":22},"end":{"line":230,"column":39}},{"start":{"line":230,"column":43},"end":{"line":230,"column":45}}],"line":230},"55":{"loc":{"start":{"line":231,"column":22},"end":{"line":231,"column":45}},"type":"binary-expr","locations":[{"start":{"line":231,"column":22},"end":{"line":231,"column":39}},{"start":{"line":231,"column":43},"end":{"line":231,"column":45}}],"line":231},"56":{"loc":{"start":{"line":232,"column":22},"end":{"line":232,"column":45}},"type":"binary-expr","locations":[{"start":{"line":232,"column":22},"end":{"line":232,"column":39}},{"start":{"line":232,"column":43},"end":{"line":232,"column":45}}],"line":232},"57":{"loc":{"start":{"line":233,"column":22},"end":{"line":233,"column":45}},"type":"binary-expr","locations":[{"start":{"line":233,"column":22},"end":{"line":233,"column":39}},{"start":{"line":233,"column":43},"end":{"line":233,"column":45}}],"line":233},"58":{"loc":{"start":{"line":243,"column":4},"end":{"line":251,"column":5}},"type":"if","locations":[{"start":{"line":243,"column":4},"end":{"line":251,"column":5}},{"start":{},"end":{}}],"line":243},"59":{"loc":{"start":{"line":243,"column":8},"end":{"line":243,"column":54}},"type":"binary-expr","locations":[{"start":{"line":243,"column":8},"end":{"line":243,"column":23}},{"start":{"line":243,"column":27},"end":{"line":243,"column":54}}],"line":243},"60":{"loc":{"start":{"line":246,"column":18},"end":{"line":246,"column":41}},"type":"binary-expr","locations":[{"start":{"line":246,"column":18},"end":{"line":246,"column":35}},{"start":{"line":246,"column":39},"end":{"line":246,"column":41}}],"line":246},"61":{"loc":{"start":{"line":247,"column":18},"end":{"line":247,"column":41}},"type":"binary-expr","locations":[{"start":{"line":247,"column":18},"end":{"line":247,"column":35}},{"start":{"line":247,"column":39},"end":{"line":247,"column":41}}],"line":247},"62":{"loc":{"start":{"line":248,"column":18},"end":{"line":248,"column":41}},"type":"binary-expr","locations":[{"start":{"line":248,"column":18},"end":{"line":248,"column":35}},{"start":{"line":248,"column":39},"end":{"line":248,"column":41}}],"line":248},"63":{"loc":{"start":{"line":249,"column":18},"end":{"line":249,"column":41}},"type":"binary-expr","locations":[{"start":{"line":249,"column":18},"end":{"line":249,"column":35}},{"start":{"line":249,"column":39},"end":{"line":249,"column":41}}],"line":249},"64":{"loc":{"start":{"line":256,"column":2},"end":{"line":335,"column":3}},"type":"if","locations":[{"start":{"line":256,"column":2},"end":{"line":335,"column":3}},{"start":{},"end":{}}],"line":256},"65":{"loc":{"start":{"line":264,"column":6},"end":{"line":267,"column":7}},"type":"if","locations":[{"start":{"line":264,"column":6},"end":{"line":267,"column":7}},{"start":{},"end":{}}],"line":264},"66":{"loc":{"start":{"line":269,"column":6},"end":{"line":269,"column":33}},"type":"if","locations":[{"start":{"line":269,"column":6},"end":{"line":269,"column":33}},{"start":{},"end":{}}],"line":269},"67":{"loc":{"start":{"line":274,"column":23},"end":{"line":274,"column":72}},"type":"cond-expr","locations":[{"start":{"line":274,"column":39},"end":{"line":274,"column":62}},{"start":{"line":274,"column":65},"end":{"line":274,"column":72}}],"line":274},"68":{"loc":{"start":{"line":276,"column":6},"end":{"line":276,"column":28}},"type":"if","locations":[{"start":{"line":276,"column":6},"end":{"line":276,"column":28}},{"start":{},"end":{}}],"line":276},"69":{"loc":{"start":{"line":284,"column":8},"end":{"line":284,"column":31}},"type":"if","locations":[{"start":{"line":284,"column":8},"end":{"line":284,"column":31}},{"start":{},"end":{}}],"line":284},"70":{"loc":{"start":{"line":289,"column":8},"end":{"line":291,"column":9}},"type":"if","locations":[{"start":{"line":289,"column":8},"end":{"line":291,"column":9}},{"start":{},"end":{}}],"line":289},"71":{"loc":{"start":{"line":295,"column":6},"end":{"line":306,"column":7}},"type":"if","locations":[{"start":{"line":295,"column":6},"end":{"line":306,"column":7}},{"start":{},"end":{}}],"line":295},"72":{"loc":{"start":{"line":299,"column":10},"end":{"line":304,"column":11}},"type":"if","locations":[{"start":{"line":299,"column":10},"end":{"line":304,"column":11}},{"start":{},"end":{}}],"line":299},"73":{"loc":{"start":{"line":300,"column":12},"end":{"line":303,"column":82}},"type":"if","locations":[{"start":{"line":300,"column":12},"end":{"line":303,"column":82}},{"start":{"line":301,"column":17},"end":{"line":303,"column":82}}],"line":300},"74":{"loc":{"start":{"line":300,"column":50},"end":{"line":300,"column":76}},"type":"binary-expr","locations":[{"start":{"line":300,"column":50},"end":{"line":300,"column":58}},{"start":{"line":300,"column":62},"end":{"line":300,"column":76}}],"line":300},"75":{"loc":{"start":{"line":301,"column":17},"end":{"line":303,"column":82}},"type":"if","locations":[{"start":{"line":301,"column":17},"end":{"line":303,"column":82}},{"start":{"line":302,"column":17},"end":{"line":303,"column":82}}],"line":301},"76":{"loc":{"start":{"line":301,"column":55},"end":{"line":301,"column":81}},"type":"binary-expr","locations":[{"start":{"line":301,"column":55},"end":{"line":301,"column":63}},{"start":{"line":301,"column":67},"end":{"line":301,"column":81}}],"line":301},"77":{"loc":{"start":{"line":302,"column":17},"end":{"line":303,"column":82}},"type":"if","locations":[{"start":{"line":302,"column":17},"end":{"line":303,"column":82}},{"start":{"line":303,"column":17},"end":{"line":303,"column":82}}],"line":302},"78":{"loc":{"start":{"line":302,"column":55},"end":{"line":302,"column":81}},"type":"binary-expr","locations":[{"start":{"line":302,"column":55},"end":{"line":302,"column":63}},{"start":{"line":302,"column":67},"end":{"line":302,"column":81}}],"line":302},"79":{"loc":{"start":{"line":303,"column":17},"end":{"line":303,"column":82}},"type":"if","locations":[{"start":{"line":303,"column":17},"end":{"line":303,"column":82}},{"start":{},"end":{}}],"line":303},"80":{"loc":{"start":{"line":303,"column":55},"end":{"line":303,"column":81}},"type":"binary-expr","locations":[{"start":{"line":303,"column":55},"end":{"line":303,"column":63}},{"start":{"line":303,"column":67},"end":{"line":303,"column":81}}],"line":303},"81":{"loc":{"start":{"line":309,"column":6},"end":{"line":321,"column":7}},"type":"if","locations":[{"start":{"line":309,"column":6},"end":{"line":321,"column":7}},{"start":{},"end":{}}],"line":309},"82":{"loc":{"start":{"line":309,"column":10},"end":{"line":309,"column":58}},"type":"binary-expr","locations":[{"start":{"line":309,"column":10},"end":{"line":309,"column":19}},{"start":{"line":309,"column":23},"end":{"line":309,"column":32}},{"start":{"line":309,"column":36},"end":{"line":309,"column":45}},{"start":{"line":309,"column":49},"end":{"line":309,"column":58}}],"line":309},"83":{"loc":{"start":{"line":314,"column":10},"end":{"line":319,"column":11}},"type":"if","locations":[{"start":{"line":314,"column":10},"end":{"line":319,"column":11}},{"start":{},"end":{}}],"line":314},"84":{"loc":{"start":{"line":315,"column":12},"end":{"line":318,"column":82}},"type":"if","locations":[{"start":{"line":315,"column":12},"end":{"line":318,"column":82}},{"start":{"line":316,"column":17},"end":{"line":318,"column":82}}],"line":315},"85":{"loc":{"start":{"line":315,"column":50},"end":{"line":315,"column":76}},"type":"binary-expr","locations":[{"start":{"line":315,"column":50},"end":{"line":315,"column":58}},{"start":{"line":315,"column":62},"end":{"line":315,"column":76}}],"line":315},"86":{"loc":{"start":{"line":316,"column":17},"end":{"line":318,"column":82}},"type":"if","locations":[{"start":{"line":316,"column":17},"end":{"line":318,"column":82}},{"start":{"line":317,"column":17},"end":{"line":318,"column":82}}],"line":316},"87":{"loc":{"start":{"line":316,"column":55},"end":{"line":316,"column":81}},"type":"binary-expr","locations":[{"start":{"line":316,"column":55},"end":{"line":316,"column":63}},{"start":{"line":316,"column":67},"end":{"line":316,"column":81}}],"line":316},"88":{"loc":{"start":{"line":317,"column":17},"end":{"line":318,"column":82}},"type":"if","locations":[{"start":{"line":317,"column":17},"end":{"line":318,"column":82}},{"start":{"line":318,"column":17},"end":{"line":318,"column":82}}],"line":317},"89":{"loc":{"start":{"line":317,"column":55},"end":{"line":317,"column":81}},"type":"binary-expr","locations":[{"start":{"line":317,"column":55},"end":{"line":317,"column":63}},{"start":{"line":317,"column":67},"end":{"line":317,"column":81}}],"line":317},"90":{"loc":{"start":{"line":318,"column":17},"end":{"line":318,"column":82}},"type":"if","locations":[{"start":{"line":318,"column":17},"end":{"line":318,"column":82}},{"start":{},"end":{}}],"line":318},"91":{"loc":{"start":{"line":318,"column":55},"end":{"line":318,"column":81}},"type":"binary-expr","locations":[{"start":{"line":318,"column":55},"end":{"line":318,"column":63}},{"start":{"line":318,"column":67},"end":{"line":318,"column":81}}],"line":318},"92":{"loc":{"start":{"line":323,"column":6},"end":{"line":333,"column":7}},"type":"if","locations":[{"start":{"line":323,"column":6},"end":{"line":333,"column":7}},{"start":{},"end":{}}],"line":323},"93":{"loc":{"start":{"line":328,"column":8},"end":{"line":329,"column":62}},"type":"if","locations":[{"start":{"line":328,"column":8},"end":{"line":329,"column":62}},{"start":{"line":329,"column":13},"end":{"line":329,"column":62}}],"line":328},"94":{"loc":{"start":{"line":328,"column":12},"end":{"line":328,"column":42}},"type":"binary-expr","locations":[{"start":{"line":328,"column":12},"end":{"line":328,"column":26}},{"start":{"line":328,"column":30},"end":{"line":328,"column":42}}],"line":328},"95":{"loc":{"start":{"line":329,"column":13},"end":{"line":329,"column":62}},"type":"if","locations":[{"start":{"line":329,"column":13},"end":{"line":329,"column":62}},{"start":{},"end":{}}],"line":329},"96":{"loc":{"start":{"line":337,"column":9},"end":{"line":337,"column":48}},"type":"cond-expr","locations":[{"start":{"line":337,"column":32},"end":{"line":337,"column":41}},{"start":{"line":337,"column":44},"end":{"line":337,"column":48}}],"line":337}},"s":{"0":1,"1":1,"2":1,"3":0,"4":0,"5":0,"6":0,"7":0,"8":0,"9":0,"10":0,"11":0,"12":0,"13":0,"14":0,"15":0,"16":0,"17":0,"18":0,"19":0,"20":0,"21":0,"22":0,"23":0,"24":0,"25":0,"26":0,"27":0,"28":0,"29":0,"30":0,"31":0,"32":0,"33":0,"34":0,"35":0,"36":0,"37":0,"38":0,"39":0,"40":0,"41":0,"42":0,"43":0,"44":0,"45":0,"46":0,"47":0,"48":0,"49":0,"50":0,"51":0,"52":0,"53":0,"54":0,"55":0,"56":0,"57":0,"58":0,"59":0,"60":0,"61":0,"62":0,"63":0,"64":0,"65":0,"66":0,"67":0,"68":0,"69":0,"70":0,"71":0,"72":0,"73":0,"74":0,"75":0,"76":0,"77":0,"78":0,"79":0,"80":0,"81":0,"82":0,"83":0,"84":0,"85":0,"86":0,"87":0,"88":0,"89":0,"90":0,"91":0,"92":0,"93":0,"94":0,"95":0,"96":0,"97":0,"98":0,"99":0,"100":0,"101":0,"102":0,"103":0,"104":0,"105":0,"106":0,"107":0,"108":0,"109":0,"110":0,"111":0,"112":0,"113":0,"114":0,"115":0,"116":0,"117":0,"118":0,"119":0,"120":0,"121":0,"122":0,"123":0,"124":0,"125":0,"126":0,"127":0,"128":0,"129":0,"130":0,"131":0,"132":0,"133":0,"134":0,"135":0,"136":0,"137":0,"138":0,"139":0,"140":0,"141":0,"142":0,"143":0,"144":0,"145":0,"146":0,"147":0,"148":0,"149":0,"150":0,"151":0,"152":0,"153":0,"154":0,"155":0,"156":0,"157":0,"158":0,"159":0,"160":0,"161":0,"162":0,"163":0,"164":0,"165":0,"166":0,"167":0,"168":0,"169":0,"170":0,"171":0,"172":0,"173":0,"174":0,"175":0,"176":0,"177":0,"178":0,"179":0,"180":0,"181":0,"182":0,"183":0,"184":0,"185":0,"186":0,"187":0,"188":0,"189":0,"190":0,"191":0,"192":0,"193":0,"194":0,"195":0,"196":0,"197":0,"198":0,"199":0,"200":0,"201":0,"202":0,"203":0,"204":0,"205":0,"206":0,"207":0,"208":0,"209":1},"f":{"0":0,"1":0,"2":0,"3":0,"4":0,"5":0,"6":0,"7":0,"8":0,"9":0,"10":0,"11":0,"12":0,"13":0},"b":{"0":[0,0],"1":[0,0],"2":[0,0],"3":[0,0],"4":[0,0],"5":[0,0],"6":[0,0],"7":[0,0],"8":[0,0],"9":[0,0],"10":[0,0],"11":[0,0],"12":[0,0],"13":[0,0],"14":[0,0],"15":[0,0],"16":[0,0],"17":[0,0],"18":[0,0],"19":[0,0],"20":[0,0],"21":[0,0],"22":[0,0],"23":[0,0],"24":[0,0],"25":[0,0],"26":[0,0],"27":[0,0],"28":[0,0],"29":[0,0],"30":[0,0],"31":[0,0],"32":[0,0],"33":[0,0],"34":[0,0],"35":[0,0],"36":[0,0],"37":[0,0],"38":[0,0],"39":[0,0],"40":[0,0],"41":[0,0],"42":[0,0],"43":[0,0,0,0,0],"44":[0,0],"45":[0,0],"46":[0,0],"47":[0,0],"48":[0,0],"49":[0,0],"50":[0,0],"51":[0,0],"52":[0,0],"53":[0,0],"54":[0,0],"55":[0,0],"56":[0,0],"57":[0,0],"58":[0,0],"59":[0,0],"60":[0,0],"61":[0,0],"62":[0,0],"63":[0,0],"64":[0,0],"65":[0,0],"66":[0,0],"67":[0,0],"68":[0,0],"69":[0,0],"70":[0,0],"71":[0,0],"72":[0,0],"73":[0,0],"74":[0,0],"75":[0,0],"76":[0,0],"77":[0,0],"78":[0,0],"79":[0,0],"80":[0,0],"81":[0,0],"82":[0,0,0,0],"83":[0,0],"84":[0,0],"85":[0,0],"86":[0,0],"87":[0,0],"88":[0,0],"89":[0,0],"90":[0,0],"91":[0,0],"92":[0,0],"93":[0,0],"94":[0,0],"95":[0,0],"96":[0,0]},"_coverageSchema":"1a1c01bbd47fc00a2c39e90264f33305004495a9","hash":"ffaff33ec1ef51338747a6154efdd32fe7d95dcf"}
,"D:\\publish双网\\logger.js": {"path":"D:\\publish双网\\logger.js","statementMap":{"0":{"start":{"line":3,"column":11},"end":{"line":3,"column":24}},"1":{"start":{"line":4,"column":13},"end":{"line":4,"column":28}},"2":{"start":{"line":5,"column":15},"end":{"line":5,"column":34}},"3":{"start":{"line":7,"column":17},"end":{"line":7,"column":51}},"4":{"start":{"line":10,"column":19},"end":{"line":10,"column":59}},"5":{"start":{"line":11,"column":21},"end":{"line":11,"column":37}},"6":{"start":{"line":13,"column":21},"end":{"line":13,"column":76}},"7":{"start":{"line":17,"column":2},"end":{"line":31,"column":3}},"8":{"start":{"line":19,"column":4},"end":{"line":25,"column":5}},"9":{"start":{"line":20,"column":23},"end":{"line":20,"column":44}},"10":{"start":{"line":21,"column":6},"end":{"line":24,"column":7}},"11":{"start":{"line":22,"column":8},"end":{"line":22,"column":48}},"12":{"start":{"line":23,"column":8},"end":{"line":23,"column":104}},"13":{"start":{"line":26,"column":17},"end":{"line":26,"column":89}},"14":{"start":{"line":26,"column":32},"end":{"line":26,"column":77}},"15":{"start":{"line":27,"column":17},"end":{"line":27,"column":83}},"16":{"start":{"line":28,"column":4},"end":{"line":28,"column":47}},"17":{"start":{"line":34,"column":15},"end":{"line":59,"column":1}},"18":{"start":{"line":36,"column":4},"end":{"line":39,"column":5}},"19":{"start":{"line":37,"column":6},"end":{"line":37,"column":63}},"20":{"start":{"line":38,"column":6},"end":{"line":38,"column":32}},"21":{"start":{"line":42,"column":4},"end":{"line":45,"column":5}},"22":{"start":{"line":43,"column":6},"end":{"line":43,"column":64}},"23":{"start":{"line":44,"column":6},"end":{"line":44,"column":32}},"24":{"start":{"line":48,"column":4},"end":{"line":51,"column":5}},"25":{"start":{"line":49,"column":6},"end":{"line":49,"column":66}},"26":{"start":{"line":50,"column":6},"end":{"line":50,"column":33}},"27":{"start":{"line":54,"column":4},"end":{"line":57,"column":5}},"28":{"start":{"line":55,"column":6},"end":{"line":55,"column":64}},"29":{"start":{"line":56,"column":6},"end":{"line":56,"column":33}},"30":{"start":{"line":61,"column":0},"end":{"line":61,"column":24}}},"fnMap":{"0":{"name":"writeToFile","decl":{"start":{"line":16,"column":9},"end":{"line":16,"column":20}},"loc":{"start":{"line":16,"column":34},"end":{"line":32,"column":1}},"line":16},"1":{"name":"(anonymous_1)","decl":{"start":{"line":26,"column":26},"end":{"line":26,"column":27}},"loc":{"start":{"line":26,"column":32},"end":{"line":26,"column":77}},"line":26},"2":{"name":"(anonymous_2)","decl":{"start":{"line":35,"column":8},"end":{"line":35,"column":9}},"loc":{"start":{"line":35,"column":21},"end":{"line":40,"column":3}},"line":35},"3":{"name":"(anonymous_3)","decl":{"start":{"line":41,"column":8},"end":{"line":41,"column":9}},"loc":{"start":{"line":41,"column":21},"end":{"line":46,"column":3}},"line":41},"4":{"name":"(anonymous_4)","decl":{"start":{"line":47,"column":9},"end":{"line":47,"column":10}},"loc":{"start":{"line":47,"column":22},"end":{"line":52,"column":3}},"line":47},"5":{"name":"(anonymous_5)","decl":{"start":{"line":53,"column":9},"end":{"line":53,"column":10}},"loc":{"start":{"line":53,"column":22},"end":{"line":58,"column":3}},"line":53}},"branchMap":{"0":{"loc":{"start":{"line":13,"column":21},"end":{"line":13,"column":76}},"type":"cond-expr","locations":[{"start":{"line":13,"column":43},"end":{"line":13,"column":58}},{"start":{"line":13,"column":61},"end":{"line":13,"column":76}}],"line":13},"1":{"loc":{"start":{"line":19,"column":4},"end":{"line":25,"column":5}},"type":"if","locations":[{"start":{"line":19,"column":4},"end":{"line":25,"column":5}},{"start":{},"end":{}}],"line":19},"2":{"loc":{"start":{"line":21,"column":6},"end":{"line":24,"column":7}},"type":"if","locations":[{"start":{"line":21,"column":6},"end":{"line":24,"column":7}},{"start":{},"end":{}}],"line":21},"3":{"loc":{"start":{"line":26,"column":32},"end":{"line":26,"column":77}},"type":"cond-expr","locations":[{"start":{"line":26,"column":56},"end":{"line":26,"column":57}},{"start":{"line":26,"column":60},"end":{"line":26,"column":77}}],"line":26},"4":{"loc":{"start":{"line":36,"column":4},"end":{"line":39,"column":5}},"type":"if","locations":[{"start":{"line":36,"column":4},"end":{"line":39,"column":5}},{"start":{},"end":{}}],"line":36},"5":{"loc":{"start":{"line":42,"column":4},"end":{"line":45,"column":5}},"type":"if","locations":[{"start":{"line":42,"column":4},"end":{"line":45,"column":5}},{"start":{},"end":{}}],"line":42},"6":{"loc":{"start":{"line":48,"column":4},"end":{"line":51,"column":5}},"type":"if","locations":[{"start":{"line":48,"column":4},"end":{"line":51,"column":5}},{"start":{},"end":{}}],"line":48},"7":{"loc":{"start":{"line":54,"column":4},"end":{"line":57,"column":5}},"type":"if","locations":[{"start":{"line":54,"column":4},"end":{"line":57,"column":5}},{"start":{},"end":{}}],"line":54}},"s":{"0":1,"1":1,"2":1,"3":1,"4":1,"5":1,"6":1,"7":1,"8":1,"9":1,"10":1,"11":0,"12":0,"13":1,"14":1,"15":1,"16":1,"17":1,"18":0,"19":0,"20":0,"21":1,"22":1,"23":1,"24":0,"25":0,"26":0,"27":1,"28":0,"29":0,"30":1},"f":{"0":1,"1":1,"2":0,"3":1,"4":0,"5":1},"b":{"0":[0,1],"1":[1,0],"2":[0,1],"3":[1,0],"4":[0,0],"5":[1,0],"6":[0,0],"7":[0,1]},"_coverageSchema":"1a1c01bbd47fc00a2c39e90264f33305004495a9","hash":"ed0640b56eb9075f11753401429b86fbf75f91e7"}
,"D:\\publish双网\\middleware.js": {"path":"D:\\publish双网\\middleware.js","statementMap":{"0":{"start":{"line":3,"column":16},"end":{"line":3,"column":34}},"1":{"start":{"line":4,"column":15},"end":{"line":4,"column":34}},"2":{"start":{"line":9,"column":2},"end":{"line":9,"column":68}},"3":{"start":{"line":11,"column":2},"end":{"line":11,"column":75}},"4":{"start":{"line":13,"column":2},"end":{"line":13,"column":73}},"5":{"start":{"line":18,"column":17},"end":{"line":18,"column":35}},"6":{"start":{"line":20,"column":2},"end":{"line":34,"column":3}},"7":{"start":{"line":21,"column":4},"end":{"line":31,"column":5}},"8":{"start":{"line":23,"column":6},"end":{"line":23,"column":53}},"9":{"start":{"line":24,"column":11},"end":{"line":31,"column":5}},"10":{"start":{"line":25,"column":6},"end":{"line":25,"column":53}},"11":{"start":{"line":26,"column":11},"end":{"line":31,"column":5}},"12":{"start":{"line":27,"column":6},"end":{"line":27,"column":56}},"13":{"start":{"line":28,"column":6},"end":{"line":28,"column":35}},"14":{"start":{"line":29,"column":11},"end":{"line":31,"column":5}},"15":{"start":{"line":30,"column":6},"end":{"line":30,"column":63}},"16":{"start":{"line":33,"column":4},"end":{"line":33,"column":51}},"17":{"start":{"line":36,"column":2},"end":{"line":36,"column":76}},"18":{"start":{"line":37,"column":2},"end":{"line":37,"column":67}},"19":{"start":{"line":38,"column":2},"end":{"line":38,"column":48}},"20":{"start":{"line":40,"column":2},"end":{"line":42,"column":3}},"21":{"start":{"line":41,"column":4},"end":{"line":41,"column":31}},"22":{"start":{"line":43,"column":2},"end":{"line":43,"column":9}},"23":{"start":{"line":47,"column":21},"end":{"line":47,"column":30}},"24":{"start":{"line":50,"column":13},"end":{"line":50,"column":47}},"25":{"start":{"line":51,"column":14},"end":{"line":51,"column":24}},"26":{"start":{"line":53,"column":2},"end":{"line":56,"column":3}},"27":{"start":{"line":54,"column":4},"end":{"line":54,"column":80}},"28":{"start":{"line":55,"column":4},"end":{"line":55,"column":18}},"29":{"start":{"line":58,"column":20},"end":{"line":58,"column":40}},"30":{"start":{"line":60,"column":2},"end":{"line":64,"column":3}},"31":{"start":{"line":61,"column":4},"end":{"line":61,"column":24}},"32":{"start":{"line":62,"column":4},"end":{"line":62,"column":55}},"33":{"start":{"line":63,"column":4},"end":{"line":63,"column":18}},"34":{"start":{"line":66,"column":2},"end":{"line":68,"column":3}},"35":{"start":{"line":67,"column":4},"end":{"line":67,"column":59}},"36":{"start":{"line":70,"column":2},"end":{"line":70,"column":20}},"37":{"start":{"line":71,"column":2},"end":{"line":71,"column":9}},"38":{"start":{"line":75,"column":31},"end":{"line":82,"column":26}},"39":{"start":{"line":76,"column":14},"end":{"line":76,"column":24}},"40":{"start":{"line":77,"column":2},"end":{"line":81,"column":3}},"41":{"start":{"line":78,"column":4},"end":{"line":80,"column":5}},"42":{"start":{"line":79,"column":6},"end":{"line":79,"column":30}},"43":{"start":{"line":85,"column":0},"end":{"line":87,"column":1}},"44":{"start":{"line":86,"column":2},"end":{"line":86,"column":33}},"45":{"start":{"line":89,"column":0},"end":{"line":93,"column":2}}},"fnMap":{"0":{"name":"setupBodyParsers","decl":{"start":{"line":7,"column":9},"end":{"line":7,"column":25}},"loc":{"start":{"line":7,"column":31},"end":{"line":14,"column":1}},"line":7},"1":{"name":"corsMiddleware","decl":{"start":{"line":17,"column":9},"end":{"line":17,"column":23}},"loc":{"start":{"line":17,"column":40},"end":{"line":44,"column":1}},"line":17},"2":{"name":"rateLimitMiddleware","decl":{"start":{"line":49,"column":9},"end":{"line":49,"column":28}},"loc":{"start":{"line":49,"column":45},"end":{"line":72,"column":1}},"line":49},"3":{"name":"(anonymous_3)","decl":{"start":{"line":75,"column":43},"end":{"line":75,"column":44}},"loc":{"start":{"line":75,"column":49},"end":{"line":82,"column":1}},"line":75}},"branchMap":{"0":{"loc":{"start":{"line":20,"column":2},"end":{"line":34,"column":3}},"type":"if","locations":[{"start":{"line":20,"column":2},"end":{"line":34,"column":3}},{"start":{"line":32,"column":9},"end":{"line":34,"column":3}}],"line":20},"1":{"loc":{"start":{"line":21,"column":4},"end":{"line":31,"column":5}},"type":"if","locations":[{"start":{"line":21,"column":4},"end":{"line":31,"column":5}},{"start":{"line":24,"column":11},"end":{"line":31,"column":5}}],"line":21},"2":{"loc":{"start":{"line":24,"column":11},"end":{"line":31,"column":5}},"type":"if","locations":[{"start":{"line":24,"column":11},"end":{"line":31,"column":5}},{"start":{"line":26,"column":11},"end":{"line":31,"column":5}}],"line":24},"3":{"loc":{"start":{"line":26,"column":11},"end":{"line":31,"column":5}},"type":"if","locations":[{"start":{"line":26,"column":11},"end":{"line":31,"column":5}},{"start":{"line":29,"column":11},"end":{"line":31,"column":5}}],"line":26},"4":{"loc":{"start":{"line":29,"column":11},"end":{"line":31,"column":5}},"type":"if","locations":[{"start":{"line":29,"column":11},"end":{"line":31,"column":5}},{"start":{},"end":{}}],"line":29},"5":{"loc":{"start":{"line":40,"column":2},"end":{"line":42,"column":3}},"type":"if","locations":[{"start":{"line":40,"column":2},"end":{"line":42,"column":3}},{"start":{},"end":{}}],"line":40},"6":{"loc":{"start":{"line":50,"column":13},"end":{"line":50,"column":47}},"type":"binary-expr","locations":[{"start":{"line":50,"column":13},"end":{"line":50,"column":19}},{"start":{"line":50,"column":23},"end":{"line":50,"column":47}}],"line":50},"7":{"loc":{"start":{"line":53,"column":2},"end":{"line":56,"column":3}},"type":"if","locations":[{"start":{"line":53,"column":2},"end":{"line":56,"column":3}},{"start":{},"end":{}}],"line":53},"8":{"loc":{"start":{"line":60,"column":2},"end":{"line":64,"column":3}},"type":"if","locations":[{"start":{"line":60,"column":2},"end":{"line":64,"column":3}},{"start":{},"end":{}}],"line":60},"9":{"loc":{"start":{"line":66,"column":2},"end":{"line":68,"column":3}},"type":"if","locations":[{"start":{"line":66,"column":2},"end":{"line":68,"column":3}},{"start":{},"end":{}}],"line":66},"10":{"loc":{"start":{"line":78,"column":4},"end":{"line":80,"column":5}},"type":"if","locations":[{"start":{"line":78,"column":4},"end":{"line":80,"column":5}},{"start":{},"end":{}}],"line":78},"11":{"loc":{"start":{"line":85,"column":0},"end":{"line":87,"column":1}},"type":"if","locations":[{"start":{"line":85,"column":0},"end":{"line":87,"column":1}},{"start":{},"end":{}}],"line":85}},"s":{"0":1,"1":1,"2":1,"3":1,"4":1,"5":15,"6":15,"7":0,"8":0,"9":0,"10":0,"11":0,"12":0,"13":0,"14":0,"15":0,"16":15,"17":15,"18":15,"19":15,"20":15,"21":0,"22":15,"23":1,"24":13,"25":13,"26":13,"27":1,"28":1,"29":12,"30":12,"31":0,"32":0,"33":0,"34":12,"35":0,"36":12,"37":12,"38":1,"39":29,"40":29,"41":24,"42":0,"43":1,"44":1,"45":1},"f":{"0":1,"1":15,"2":13,"3":29},"b":{"0":[0,15],"1":[0,0],"2":[0,0],"3":[0,0],"4":[0,0],"5":[0,15],"6":[13,0],"7":[1,12],"8":[0,12],"9":[0,12],"10":[0,24],"11":[1,0]},"_coverageSchema":"1a1c01bbd47fc00a2c39e90264f33305004495a9","hash":"f768cc00dfa84c50cd1991f5f111116c9b9182f7"}
,"D:\\publish双网\\questionBank.js": {"path":"D:\\publish双网\\questionBank.js","statementMap":{"0":{"start":{"line":3,"column":11},"end":{"line":3,"column":24}},"1":{"start":{"line":4,"column":13},"end":{"line":4,"column":28}},"2":{"start":{"line":5,"column":15},"end":{"line":5,"column":34}},"3":{"start":{"line":6,"column":15},"end":{"line":6,"column":34}},"4":{"start":{"line":7,"column":40},"end":{"line":7,"column":62}},"5":{"start":{"line":10,"column":27},"end":{"line":10,"column":29}},"6":{"start":{"line":11,"column":33},"end":{"line":11,"column":35}},"7":{"start":{"line":12,"column":22},"end":{"line":12,"column":31}},"8":{"start":{"line":15,"column":16},"end":{"line":15,"column":33}},"9":{"start":{"line":18,"column":15},"end":{"line":18,"column":37}},"10":{"start":{"line":19,"column":2},"end":{"line":19,"column":35}},"11":{"start":{"line":20,"column":2},"end":{"line":20,"column":14}},"12":{"start":{"line":25,"column":2},"end":{"line":25,"column":55}},"13":{"start":{"line":25,"column":19},"end":{"line":25,"column":55}},"14":{"start":{"line":28,"column":21},"end":{"line":28,"column":55}},"15":{"start":{"line":29,"column":2},"end":{"line":29,"column":54}},"16":{"start":{"line":29,"column":19},"end":{"line":29,"column":54}},"17":{"start":{"line":32,"column":2},"end":{"line":34,"column":3}},"18":{"start":{"line":33,"column":4},"end":{"line":33,"column":42}},"19":{"start":{"line":36,"column":2},"end":{"line":38,"column":3}},"20":{"start":{"line":37,"column":4},"end":{"line":37,"column":42}},"21":{"start":{"line":39,"column":2},"end":{"line":41,"column":3}},"22":{"start":{"line":40,"column":4},"end":{"line":40,"column":42}},"23":{"start":{"line":43,"column":2},"end":{"line":45,"column":3}},"24":{"start":{"line":44,"column":4},"end":{"line":44,"column":42}},"25":{"start":{"line":46,"column":2},"end":{"line":48,"column":3}},"26":{"start":{"line":47,"column":4},"end":{"line":47,"column":39}},"27":{"start":{"line":49,"column":2},"end":{"line":49,"column":38}},"28":{"start":{"line":54,"column":2},"end":{"line":54,"column":71}},"29":{"start":{"line":59,"column":2},"end":{"line":59,"column":24}},"30":{"start":{"line":60,"column":2},"end":{"line":68,"column":3}},"31":{"start":{"line":61,"column":17},"end":{"line":61,"column":54}},"32":{"start":{"line":62,"column":4},"end":{"line":67,"column":5}},"33":{"start":{"line":63,"column":6},"end":{"line":65,"column":7}},"34":{"start":{"line":64,"column":8},"end":{"line":64,"column":35}},"35":{"start":{"line":66,"column":6},"end":{"line":66,"column":40}},"36":{"start":{"line":72,"column":17},"end":{"line":72,"column":26}},"37":{"start":{"line":73,"column":16},"end":{"line":73,"column":56}},"38":{"start":{"line":74,"column":2},"end":{"line":74,"column":45}},"39":{"start":{"line":74,"column":28},"end":{"line":74,"column":45}},"40":{"start":{"line":76,"column":16},"end":{"line":76,"column":67}},"41":{"start":{"line":77,"column":2},"end":{"line":80,"column":3}},"42":{"start":{"line":78,"column":17},"end":{"line":78,"column":46}},"43":{"start":{"line":79,"column":4},"end":{"line":79,"column":46}},"44":{"start":{"line":79,"column":29},"end":{"line":79,"column":46}},"45":{"start":{"line":81,"column":2},"end":{"line":81,"column":28}},"46":{"start":{"line":86,"column":21},"end":{"line":86,"column":43}},"47":{"start":{"line":87,"column":2},"end":{"line":91,"column":4}},"48":{"start":{"line":88,"column":4},"end":{"line":90,"column":50}},"49":{"start":{"line":96,"column":2},"end":{"line":110,"column":3}},"50":{"start":{"line":97,"column":17},"end":{"line":97,"column":77}},"51":{"start":{"line":98,"column":4},"end":{"line":104,"column":5}},"52":{"start":{"line":99,"column":21},"end":{"line":99,"column":37}},"53":{"start":{"line":100,"column":6},"end":{"line":100,"column":65}},"54":{"start":{"line":102,"column":6},"end":{"line":102,"column":54}},"55":{"start":{"line":103,"column":6},"end":{"line":103,"column":32}},"56":{"start":{"line":106,"column":4},"end":{"line":108,"column":5}},"57":{"start":{"line":107,"column":6},"end":{"line":107,"column":43}},"58":{"start":{"line":109,"column":4},"end":{"line":109,"column":30}},"59":{"start":{"line":111,"column":2},"end":{"line":111,"column":43}},"60":{"start":{"line":112,"column":2},"end":{"line":112,"column":30}},"61":{"start":{"line":117,"column":2},"end":{"line":117,"column":30}},"62":{"start":{"line":125,"column":2},"end":{"line":133,"column":5}},"63":{"start":{"line":126,"column":4},"end":{"line":130,"column":6}},"64":{"start":{"line":131,"column":4},"end":{"line":131,"column":32}},"65":{"start":{"line":132,"column":4},"end":{"line":132,"column":45}},"66":{"start":{"line":138,"column":27},"end":{"line":145,"column":5}},"67":{"start":{"line":138,"column":52},"end":{"line":145,"column":3}},"68":{"start":{"line":147,"column":2},"end":{"line":151,"column":4}},"69":{"start":{"line":152,"column":2},"end":{"line":152,"column":48}},"70":{"start":{"line":153,"column":2},"end":{"line":153,"column":33}},"71":{"start":{"line":157,"column":2},"end":{"line":171,"column":3}},"72":{"start":{"line":158,"column":17},"end":{"line":158,"column":83}},"73":{"start":{"line":159,"column":4},"end":{"line":165,"column":5}},"74":{"start":{"line":160,"column":21},"end":{"line":160,"column":37}},"75":{"start":{"line":161,"column":6},"end":{"line":161,"column":71}},"76":{"start":{"line":163,"column":6},"end":{"line":163,"column":56}},"77":{"start":{"line":164,"column":6},"end":{"line":164,"column":38}},"78":{"start":{"line":167,"column":4},"end":{"line":169,"column":5}},"79":{"start":{"line":168,"column":6},"end":{"line":168,"column":45}},"80":{"start":{"line":170,"column":4},"end":{"line":170,"column":36}},"81":{"start":{"line":172,"column":2},"end":{"line":172,"column":36}},"82":{"start":{"line":177,"column":2},"end":{"line":177,"column":36}},"83":{"start":{"line":182,"column":16},"end":{"line":182,"column":18}},"84":{"start":{"line":183,"column":2},"end":{"line":192,"column":3}},"85":{"start":{"line":184,"column":4},"end":{"line":184,"column":59}},"86":{"start":{"line":186,"column":4},"end":{"line":189,"column":5}},"87":{"start":{"line":187,"column":6},"end":{"line":187,"column":40}},"88":{"start":{"line":188,"column":6},"end":{"line":188,"column":16}},"89":{"start":{"line":190,"column":4},"end":{"line":190,"column":54}},"90":{"start":{"line":191,"column":4},"end":{"line":191,"column":14}},"91":{"start":{"line":194,"column":16},"end":{"line":194,"column":63}},"92":{"start":{"line":194,"column":51},"end":{"line":194,"column":62}},"93":{"start":{"line":195,"column":20},"end":{"line":195,"column":22}},"94":{"start":{"line":197,"column":2},"end":{"line":208,"column":3}},"95":{"start":{"line":198,"column":16},"end":{"line":198,"column":37}},"96":{"start":{"line":199,"column":4},"end":{"line":199,"column":27}},"97":{"start":{"line":199,"column":18},"end":{"line":199,"column":27}},"98":{"start":{"line":201,"column":23},"end":{"line":201,"column":52}},"99":{"start":{"line":202,"column":26},"end":{"line":202,"column":61}},"100":{"start":{"line":203,"column":21},"end":{"line":203,"column":68}},"101":{"start":{"line":204,"column":23},"end":{"line":204,"column":53}},"102":{"start":{"line":205,"column":25},"end":{"line":205,"column":55}},"103":{"start":{"line":207,"column":4},"end":{"line":207,"column":79}},"104":{"start":{"line":209,"column":2},"end":{"line":209,"column":19}},"105":{"start":{"line":212,"column":0},"end":{"line":224,"column":2}}},"fnMap":{"0":{"name":"withWriteLock","decl":{"start":{"line":17,"column":9},"end":{"line":17,"column":22}},"loc":{"start":{"line":17,"column":27},"end":{"line":21,"column":1}},"line":17},"1":{"name":"(anonymous_1)","decl":{"start":{"line":19,"column":25},"end":{"line":19,"column":26}},"loc":{"start":{"line":19,"column":31},"end":{"line":19,"column":33}},"line":19},"2":{"name":"detectQuestionType","decl":{"start":{"line":24,"column":9},"end":{"line":24,"column":27}},"loc":{"start":{"line":24,"column":40},"end":{"line":50,"column":1}},"line":24},"3":{"name":"createQuestion","decl":{"start":{"line":53,"column":9},"end":{"line":53,"column":23}},"loc":{"start":{"line":53,"column":65},"end":{"line":55,"column":1}},"line":53},"4":{"name":"buildQuestionIndex","decl":{"start":{"line":58,"column":9},"end":{"line":58,"column":27}},"loc":{"start":{"line":58,"column":34},"end":{"line":69,"column":1}},"line":58},"5":{"name":"getIndexedCandidates","decl":{"start":{"line":71,"column":9},"end":{"line":71,"column":29}},"loc":{"start":{"line":71,"column":47},"end":{"line":82,"column":1}},"line":71},"6":{"name":"isQuestionExists","decl":{"start":{"line":85,"column":9},"end":{"line":85,"column":25}},"loc":{"start":{"line":85,"column":73},"end":{"line":92,"column":1}},"line":85},"7":{"name":"(anonymous_7)","decl":{"start":{"line":87,"column":19},"end":{"line":87,"column":20}},"loc":{"start":{"line":88,"column":4},"end":{"line":90,"column":50}},"line":88},"8":{"name":"loadQuestionBankFromDisk","decl":{"start":{"line":95,"column":15},"end":{"line":95,"column":39}},"loc":{"start":{"line":95,"column":42},"end":{"line":113,"column":1}},"line":95},"9":{"name":"getQuestionBank","decl":{"start":{"line":116,"column":9},"end":{"line":116,"column":24}},"loc":{"start":{"line":116,"column":27},"end":{"line":118,"column":1}},"line":116},"10":{"name":"saveQuestionBank","decl":{"start":{"line":124,"column":9},"end":{"line":124,"column":25}},"loc":{"start":{"line":124,"column":32},"end":{"line":134,"column":1}},"line":124},"11":{"name":"(anonymous_11)","decl":{"start":{"line":125,"column":23},"end":{"line":125,"column":24}},"loc":{"start":{"line":125,"column":35},"end":{"line":133,"column":3}},"line":125},"12":{"name":"saveExtractedQuestions","decl":{"start":{"line":137,"column":15},"end":{"line":137,"column":37}},"loc":{"start":{"line":137,"column":49},"end":{"line":154,"column":1}},"line":137},"13":{"name":"(anonymous_13)","decl":{"start":{"line":138,"column":41},"end":{"line":138,"column":42}},"loc":{"start":{"line":138,"column":52},"end":{"line":145,"column":3}},"line":138},"14":{"name":"loadExtractedQuestionsFromDisk","decl":{"start":{"line":156,"column":15},"end":{"line":156,"column":45}},"loc":{"start":{"line":156,"column":48},"end":{"line":173,"column":1}},"line":156},"15":{"name":"getExtractedQuestions","decl":{"start":{"line":176,"column":9},"end":{"line":176,"column":30}},"loc":{"start":{"line":176,"column":33},"end":{"line":178,"column":1}},"line":176},"16":{"name":"importFromTxt","decl":{"start":{"line":181,"column":15},"end":{"line":181,"column":28}},"loc":{"start":{"line":181,"column":46},"end":{"line":210,"column":1}},"line":181},"17":{"name":"(anonymous_17)","decl":{"start":{"line":194,"column":43},"end":{"line":194,"column":44}},"loc":{"start":{"line":194,"column":51},"end":{"line":194,"column":62}},"line":194}},"branchMap":{"0":{"loc":{"start":{"line":25,"column":2},"end":{"line":25,"column":55}},"type":"if","locations":[{"start":{"line":25,"column":2},"end":{"line":25,"column":55}},{"start":{},"end":{}}],"line":25},"1":{"loc":{"start":{"line":29,"column":2},"end":{"line":29,"column":54}},"type":"if","locations":[{"start":{"line":29,"column":2},"end":{"line":29,"column":54}},{"start":{},"end":{}}],"line":29},"2":{"loc":{"start":{"line":32,"column":2},"end":{"line":34,"column":3}},"type":"if","locations":[{"start":{"line":32,"column":2},"end":{"line":34,"column":3}},{"start":{},"end":{}}],"line":32},"3":{"loc":{"start":{"line":36,"column":2},"end":{"line":38,"column":3}},"type":"if","locations":[{"start":{"line":36,"column":2},"end":{"line":38,"column":3}},{"start":{},"end":{}}],"line":36},"4":{"loc":{"start":{"line":36,"column":6},"end":{"line":36,"column":120}},"type":"binary-expr","locations":[{"start":{"line":36,"column":6},"end":{"line":36,"column":61}},{"start":{"line":36,"column":65},"end":{"line":36,"column":120}}],"line":36},"5":{"loc":{"start":{"line":39,"column":2},"end":{"line":41,"column":3}},"type":"if","locations":[{"start":{"line":39,"column":2},"end":{"line":41,"column":3}},{"start":{},"end":{}}],"line":39},"6":{"loc":{"start":{"line":39,"column":6},"end":{"line":39,"column":77}},"type":"binary-expr","locations":[{"start":{"line":39,"column":6},"end":{"line":39,"column":46}},{"start":{"line":39,"column":50},"end":{"line":39,"column":77}}],"line":39},"7":{"loc":{"start":{"line":43,"column":2},"end":{"line":45,"column":3}},"type":"if","locations":[{"start":{"line":43,"column":2},"end":{"line":45,"column":3}},{"start":{},"end":{}}],"line":43},"8":{"loc":{"start":{"line":43,"column":7},"end":{"line":43,"column":48}},"type":"binary-expr","locations":[{"start":{"line":43,"column":7},"end":{"line":43,"column":42}},{"start":{"line":43,"column":46},"end":{"line":43,"column":48}}],"line":43},"9":{"loc":{"start":{"line":46,"column":2},"end":{"line":48,"column":3}},"type":"if","locations":[{"start":{"line":46,"column":2},"end":{"line":48,"column":3}},{"start":{},"end":{}}],"line":46},"10":{"loc":{"start":{"line":54,"column":52},"end":{"line":54,"column":68}},"type":"binary-expr","locations":[{"start":{"line":54,"column":52},"end":{"line":54,"column":58}},{"start":{"line":54,"column":62},"end":{"line":54,"column":68}}],"line":54},"11":{"loc":{"start":{"line":61,"column":34},"end":{"line":61,"column":53}},"type":"binary-expr","locations":[{"start":{"line":61,"column":34},"end":{"line":61,"column":47}},{"start":{"line":61,"column":51},"end":{"line":61,"column":53}}],"line":61},"12":{"loc":{"start":{"line":63,"column":6},"end":{"line":65,"column":7}},"type":"if","locations":[{"start":{"line":63,"column":6},"end":{"line":65,"column":7}},{"start":{},"end":{}}],"line":63},"13":{"loc":{"start":{"line":73,"column":16},"end":{"line":73,"column":56}},"type":"binary-expr","locations":[{"start":{"line":73,"column":16},"end":{"line":73,"column":50}},{"start":{"line":73,"column":54},"end":{"line":73,"column":56}}],"line":73},"14":{"loc":{"start":{"line":76,"column":16},"end":{"line":76,"column":67}},"type":"binary-expr","locations":[{"start":{"line":76,"column":16},"end":{"line":76,"column":61}},{"start":{"line":76,"column":65},"end":{"line":76,"column":67}}],"line":76},"15":{"loc":{"start":{"line":78,"column":17},"end":{"line":78,"column":46}},"type":"binary-expr","locations":[{"start":{"line":78,"column":17},"end":{"line":78,"column":40}},{"start":{"line":78,"column":44},"end":{"line":78,"column":46}}],"line":78},"16":{"loc":{"start":{"line":88,"column":4},"end":{"line":90,"column":50}},"type":"binary-expr","locations":[{"start":{"line":88,"column":4},"end":{"line":88,"column":40}},{"start":{"line":89,"column":4},"end":{"line":89,"column":39}},{"start":{"line":90,"column":4},"end":{"line":90,"column":50}}],"line":88},"17":{"loc":{"start":{"line":90,"column":5},"end":{"line":90,"column":23}},"type":"binary-expr","locations":[{"start":{"line":90,"column":5},"end":{"line":90,"column":13}},{"start":{"line":90,"column":17},"end":{"line":90,"column":23}}],"line":90},"18":{"loc":{"start":{"line":90,"column":30},"end":{"line":90,"column":49}},"type":"binary-expr","locations":[{"start":{"line":90,"column":30},"end":{"line":90,"column":39}},{"start":{"line":90,"column":43},"end":{"line":90,"column":49}}],"line":90},"19":{"loc":{"start":{"line":100,"column":29},"end":{"line":100,"column":64}},"type":"cond-expr","locations":[{"start":{"line":100,"column":53},"end":{"line":100,"column":59}},{"start":{"line":100,"column":62},"end":{"line":100,"column":64}}],"line":100},"20":{"loc":{"start":{"line":106,"column":4},"end":{"line":108,"column":5}},"type":"if","locations":[{"start":{"line":106,"column":4},"end":{"line":108,"column":5}},{"start":{},"end":{}}],"line":106},"21":{"loc":{"start":{"line":106,"column":8},"end":{"line":106,"column":36}},"type":"binary-expr","locations":[{"start":{"line":106,"column":8},"end":{"line":106,"column":11}},{"start":{"line":106,"column":15},"end":{"line":106,"column":36}}],"line":106},"22":{"loc":{"start":{"line":141,"column":24},"end":{"line":141,"column":40}},"type":"binary-expr","locations":[{"start":{"line":141,"column":24},"end":{"line":141,"column":34}},{"start":{"line":141,"column":38},"end":{"line":141,"column":40}}],"line":141},"23":{"loc":{"start":{"line":142,"column":24},"end":{"line":142,"column":40}},"type":"binary-expr","locations":[{"start":{"line":142,"column":24},"end":{"line":142,"column":34}},{"start":{"line":142,"column":38},"end":{"line":142,"column":40}}],"line":142},"24":{"loc":{"start":{"line":143,"column":24},"end":{"line":143,"column":40}},"type":"binary-expr","locations":[{"start":{"line":143,"column":24},"end":{"line":143,"column":34}},{"start":{"line":143,"column":38},"end":{"line":143,"column":40}}],"line":143},"25":{"loc":{"start":{"line":144,"column":24},"end":{"line":144,"column":40}},"type":"binary-expr","locations":[{"start":{"line":144,"column":24},"end":{"line":144,"column":34}},{"start":{"line":144,"column":38},"end":{"line":144,"column":40}}],"line":144},"26":{"loc":{"start":{"line":161,"column":35},"end":{"line":161,"column":70}},"type":"cond-expr","locations":[{"start":{"line":161,"column":59},"end":{"line":161,"column":65}},{"start":{"line":161,"column":68},"end":{"line":161,"column":70}}],"line":161},"27":{"loc":{"start":{"line":167,"column":4},"end":{"line":169,"column":5}},"type":"if","locations":[{"start":{"line":167,"column":4},"end":{"line":169,"column":5}},{"start":{},"end":{}}],"line":167},"28":{"loc":{"start":{"line":167,"column":8},"end":{"line":167,"column":36}},"type":"binary-expr","locations":[{"start":{"line":167,"column":8},"end":{"line":167,"column":11}},{"start":{"line":167,"column":15},"end":{"line":167,"column":36}}],"line":167},"29":{"loc":{"start":{"line":186,"column":4},"end":{"line":189,"column":5}},"type":"if","locations":[{"start":{"line":186,"column":4},"end":{"line":189,"column":5}},{"start":{},"end":{}}],"line":186},"30":{"loc":{"start":{"line":186,"column":8},"end":{"line":186,"column":36}},"type":"binary-expr","locations":[{"start":{"line":186,"column":8},"end":{"line":186,"column":11}},{"start":{"line":186,"column":15},"end":{"line":186,"column":36}}],"line":186},"31":{"loc":{"start":{"line":199,"column":4},"end":{"line":199,"column":27}},"type":"if","locations":[{"start":{"line":199,"column":4},"end":{"line":199,"column":27}},{"start":{},"end":{}}],"line":199},"32":{"loc":{"start":{"line":203,"column":21},"end":{"line":203,"column":68}},"type":"cond-expr","locations":[{"start":{"line":203,"column":37},"end":{"line":203,"column":53}},{"start":{"line":203,"column":56},"end":{"line":203,"column":68}}],"line":203}},"s":{"0":24,"1":24,"2":24,"3":24,"4":24,"5":24,"6":24,"7":24,"8":24,"9":1,"10":1,"11":1,"12":22,"13":1,"14":21,"15":21,"16":0,"17":21,"18"
[...]
,"D:\\publish双网\\strategyEngine.js": {"path":"D:\\publish双网\\strategyEngine.js","statementMap":{"0":{"start":{"line":6,"column":15},"end":{"line":6,"column":34}},"1":{"start":{"line":10,"column":4},"end":{"line":10,"column":54}},"2":{"start":{"line":11,"column":4},"end":{"line":11,"column":66}},"3":{"start":{"line":12,"column":4},"end":{"line":12,"column":65}},"4":{"start":{"line":13,"column":4},"end":{"line":13,"column":67}},"5":{"start":{"line":16,"column":4},"end":{"line":21,"column":6}},"6":{"start":{"line":24,"column":4},"end":{"line":29,"column":6}},"7":{"start":{"line":38,"column":4},"end":{"line":40,"column":5}},"8":{"start":{"line":39,"column":6},"end":{"line":39,"column":89}},"9":{"start":{"line":43,"column":25},"end":{"line":46,"column":5}},"10":{"start":{"line":48,"column":16},"end":{"line":51,"column":20}},"11":{"start":{"line":54,"column":4},"end":{"line":54,"column":53}},"12":{"start":{"line":57,"column":4},"end":{"line":57,"column":33}},"13":{"start":{"line":59,"column":4},"end":{"line":59,"column":29}},"14":{"start":{"line":70,"column":12},"end":{"line":70,"column":13}},"15":{"start":{"line":70,"column":19},"end":{"line":70,"column":20}},"16":{"start":{"line":71,"column":4},"end":{"line":71,"column":38}},"17":{"start":{"line":71,"column":20},"end":{"line":71,"column":38}},"18":{"start":{"line":72,"column":4},"end":{"line":72,"column":38}},"19":{"start":{"line":72,"column":20},"end":{"line":72,"column":38}},"20":{"start":{"line":74,"column":17},"end":{"line":74,"column":32}},"21":{"start":{"line":75,"column":19},"end":{"line":75,"column":34}},"22":{"start":{"line":77,"column":25},"end":{"line":77,"column":96}},"23":{"start":{"line":80,"column":4},"end":{"line":80,"column":54}},"24":{"start":{"line":89,"column":4},"end":{"line":91,"column":5}},"25":{"start":{"line":90,"column":6},"end":{"line":90,"column":19}},"26":{"start":{"line":94,"column":23},"end":{"line":94,"column":51}},"27":{"start":{"line":97,"column":4},"end":{"line":104,"column":5}},"28":{"start":{"line":98,"column":6},"end":{"line":101,"column":7}},"29":{"start":{"line":99,"column":8},"end":{"line":99,"column":101}},"30":{"start":{"line":100,"column":8},"end":{"line":100,"column":21}},"31":{"start":{"line":103,"column":6},"end":{"line":103,"column":89}},"32":{"start":{"line":106,"column":4},"end":{"line":106,"column":16}},"33":{"start":{"line":115,"column":4},"end":{"line":119,"column":7}},"34":{"start":{"line":116,"column":20},"end":{"line":116,"column":62}},"35":{"start":{"line":117,"column":20},"end":{"line":117,"column":62}},"36":{"start":{"line":118,"column":6},"end":{"line":118,"column":27}},"37":{"start":{"line":128,"column":4},"end":{"line":134,"column":5}},"38":{"start":{"line":129,"column":6},"end":{"line":133,"column":8}},"39":{"start":{"line":136,"column":23},"end":{"line":136,"column":51}},"40":{"start":{"line":139,"column":4},"end":{"line":154,"column":5}},"41":{"start":{"line":140,"column":6},"end":{"line":140,"column":28}},"42":{"start":{"line":141,"column":6},"end":{"line":141,"column":44}},"43":{"start":{"line":142,"column":11},"end":{"line":154,"column":5}},"44":{"start":{"line":143,"column":6},"end":{"line":143,"column":23}},"45":{"start":{"line":144,"column":6},"end":{"line":144,"column":32}},"46":{"start":{"line":145,"column":11},"end":{"line":154,"column":5}},"47":{"start":{"line":146,"column":6},"end":{"line":146,"column":23}},"48":{"start":{"line":147,"column":6},"end":{"line":147,"column":45}},"49":{"start":{"line":148,"column":11},"end":{"line":154,"column":5}},"50":{"start":{"line":149,"column":6},"end":{"line":149,"column":23}},"51":{"start":{"line":150,"column":6},"end":{"line":150,"column":39}},"52":{"start":{"line":152,"column":6},"end":{"line":152,"column":28}},"53":{"start":{"line":153,"column":6},"end":{"line":153,"column":30}},"54":{"start":{"line":156,"column":4},"end":{"line":161,"column":6}},"55":{"start":{"line":171,"column":4},"end":{"line":177,"column":5}},"56":{"start":{"line":172,"column":6},"end":{"line":176,"column":8}},"57":{"start":{"line":179,"column":28},"end":{"line":179,"column":62}},"58":{"start":{"line":180,"column":28},"end":{"line":180,"column":91}},"59":{"start":{"line":182,"column":24},"end":{"line":182,"column":63}},"60":{"start":{"line":183,"column":26},"end":{"line":183,"column":63}},"61":{"start":{"line":185,"column":4},"end":{"line":192,"column":6}},"62":{"start":{"line":199,"column":4},"end":{"line":205,"column":5}},"63":{"start":{"line":200,"column":6},"end":{"line":200,"column":23}},"64":{"start":{"line":201,"column":11},"end":{"line":205,"column":5}},"65":{"start":{"line":202,"column":6},"end":{"line":202,"column":42}},"66":{"start":{"line":204,"column":6},"end":{"line":204,"column":43}},"67":{"start":{"line":214,"column":4},"end":{"line":214,"column":32}},"68":{"start":{"line":215,"column":4},"end":{"line":219,"column":5}},"69":{"start":{"line":216,"column":6},"end":{"line":216,"column":37}},"70":{"start":{"line":218,"column":6},"end":{"line":218,"column":36}},"71":{"start":{"line":222,"column":4},"end":{"line":225,"column":6}},"72":{"start":{"line":233,"column":4},"end":{"line":239,"column":6}},"73":{"start":{"line":246,"column":4},"end":{"line":251,"column":6}},"74":{"start":{"line":255,"column":0},"end":{"line":255,"column":32}}},"fnMap":{"0":{"name":"(anonymous_0)","decl":{"start":{"line":9,"column":2},"end":{"line":9,"column":3}},"loc":{"start":{"line":9,"column":28},"end":{"line":30,"column":3}},"line":9},"1":{"name":"(anonymous_1)","decl":{"start":{"line":37,"column":2},"end":{"line":37,"column":3}},"loc":{"start":{"line":37,"column":33},"end":{"line":60,"column":3}},"line":37},"2":{"name":"(anonymous_2)","decl":{"start":{"line":68,"column":2},"end":{"line":68,"column":3}},"loc":{"start":{"line":68,"column":33},"end":{"line":81,"column":3}},"line":68},"3":{"name":"(anonymous_3)","decl":{"start":{"line":88,"column":2},"end":{"line":88,"column":3}},"loc":{"start":{"line":88,"column":28},"end":{"line":107,"column":3}},"line":88},"4":{"name":"(anonymous_4)","decl":{"start":{"line":114,"column":2},"end":{"line":114,"column":3}},"loc":{"start":{"line":114,"column":44},"end":{"line":120,"column":3}},"line":114},"5":{"name":"(anonymous_5)","decl":{"start":{"line":115,"column":37},"end":{"line":115,"column":38}},"loc":{"start":{"line":115,"column":47},"end":{"line":119,"column":5}},"line":115},"6":{"name":"(anonymous_6)","decl":{"start":{"line":127,"column":2},"end":{"line":127,"column":3}},"loc":{"start":{"line":127,"column":37},"end":{"line":162,"column":3}},"line":127},"7":{"name":"(anonymous_7)","decl":{"start":{"line":170,"column":2},"end":{"line":170,"column":3}},"loc":{"start":{"line":170,"column":61},"end":{"line":193,"column":3}},"line":170},"8":{"name":"(anonymous_8)","decl":{"start":{"line":198,"column":2},"end":{"line":198,"column":3}},"loc":{"start":{"line":198,"column":17},"end":{"line":206,"column":3}},"line":198},"9":{"name":"(anonymous_9)","decl":{"start":{"line":213,"column":2},"end":{"line":213,"column":3}},"loc":{"start":{"line":213,"column":31},"end":{"line":226,"column":3}},"line":213},"10":{"name":"(anonymous_10)","decl":{"start":{"line":232,"column":2},"end":{"line":232,"column":3}},"loc":{"start":{"line":232,"column":19},"end":{"line":240,"column":3}},"line":232},"11":{"name":"(anonymous_11)","decl":{"start":{"line":245,"column":2},"end":{"line":245,"column":3}},"loc":{"start":{"line":245,"column":10},"end":{"line":252,"column":3}},"line":245}},"branchMap":{"0":{"loc":{"start":{"line":9,"column":14},"end":{"line":9,"column":26}},"type":"default-arg","locations":[{"start":{"line":9,"column":24},"end":{"line":9,"column":26}}],"line":9},"1":{"loc":{"start":{"line":10,"column":25},"end":{"line":10,"column":53}},"type":"binary-expr","locations":[{"start":{"line":10,"column":25},"end":{"line":10,"column":46}},{"start":{"line":10,"column":50},"end":{"line":10,"column":53}}],"line":10},"2":{"loc":{"start":{"line":11,"column":30},"end":{"line":11,"column":65}},"type":"binary-expr","locations":[{"start":{"line":11,"column":30},"end":{"line":11,"column":56}},{"start":{"line":11,"column":60},"end":{"line":11,"column":65}}],"line":11},"3":{"loc":{"start":{"line":17,"column":17},"end":{"line":17,"column":42}},"type":"binary-expr","locations":[{"start":{"line":17,"column":17},"end":{"line":17,"column":34}},{"start":{"line":17,"column":38},"end":{"line":17,"column":42}}],"line":17},"4":{"loc":{"start":{"line":18,"column":20},"end":{"line":18,"column":46}},"type":"binary-expr","locations":[{"start":{"line":18,"column":20},"end":{"line":18,"column":40}},{"start":{"line":18,"column":44},"end":{"line":18,"column":46}}],"line":18},"5":{"loc":{"start":{"line":19,"column":23},"end":{"line":19,"column":53}},"type":"binary-expr","locations":[{"start":{"line":19,"column":23},"end":{"line":19,"column":46}},{"start":{"line":19,"column":50},"end":{"line":19,"column":53}}],"line":19},"6":{"loc":{"start":{"line":20,"column":23},"end":{"line":20,"column":53}},"type":"binary-expr","locations":[{"start":{"line":20,"column":23},"end":{"line":20,"column":46}},{"start":{"line":20,"column":50},"end":{"line":20,"column":53}}],"line":20},"7":{"loc":{"start":{"line":38,"column":4},"end":{"line":40,"column":5}},"type":"if","locations":[{"start":{"line":38,"column":4},"end":{"line":40,"column":5}},{"start":{},"end":{}}],"line":38},"8":{"loc":{"start":{"line":89,"column":4},"end":{"line":91,"column":5}},"type":"if","locations":[{"start":{"line":89,"column":4},"end":{"line":91,"column":5}},{"start":{},"end":{}}],"line":89},"9":{"loc":{"start":{"line":89,"column":8},"end":{"line":89,"column":43}},"type":"binary-expr","locations":[{"start":{"line":89,"column":8},"end":{"line":89,"column":20}},{"start":{"line":89,"column":24},"end":{"line":89,"column":43}}],"line":89},"10":{"loc":{"start":{"line":94,"column":28},"end":{"line":94,"column":50}},"type":"binary-expr","locations":[{"start":{"line":94,"column":28},"end":{"line":94,"column":45}},{"start":{"line":94,"column":49},"end":{"line":94,"column":50}}],"line":94},"11":{"loc":{"start":{"line":97,"column":4},"end":{"line":104,"column":5}},"type":"if","locations":[{"start":{"line":97,"column":4},"end":{"line":104,"column":5}},{"start":{},"end":{}}],"line":97},"12":{"loc":{"start":{"line":98,"column":6},"end":{"line":101,"column":7}},"type":"if","locations":[{"start":{"line":98,"column":6},"end":{"line":101,"column":7}},{"start":{},"end":{}}],"line":98},"13":{"loc":{"start":{"line":116,"column":20},"end":{"line":116,"column":62}},"type":"cond-expr","locations":[{"start":{"line":116,"column":32},"end":{"line":116,"column":57}},{"start":{"line":116,"column":61},"end":{"line":116,"column":62}}],"line":116},"14":{"loc":{"start":{"line":116,"column":37},"end":{"line":116,"column":56}},"type":"binary-expr","locations":[{"start":{"line":116,"column":37},"end":{"line":116,"column":51}},{"start":{"line":116,"column":55},"end":{"line":116,"column":56}}],"line":116},"15":{"loc":{"start":{"line":117,"column":20},"end":{"line":117,"column":62}},"type":"cond-expr","locations":[{"start":{"line":117,"column":32},"end":{"line":117,"column":57}},{"start":{"line":117,"column":61},"end":{"line":117,"column":62}}],"line":117},"16":{"loc":{"start":{"line":117,"column":37},"end":{"line":117,"column":56}},"type":"binary-expr","locations":[{"start":{"line":117,"column":37},"end":{"line":117,"column":51}},{"start":{"line":117,"column":55},"end":{"line":117,"column":56}}],"line":117},"17":{"loc":{"start":{"line":128,"column":4},"end":{"line":134,"column":5}},"type":"if","locations":[{"start":{"line":128,"column":4},"end":{"line":134,"column":5}},{"start":{},"end":{}}],"line":128},"18":{"loc":{"start":{"line":136,"column":28},"end":{"line":136,"column":50}},"type":"binary-expr","locations":[{"start":{"line":136,"column":28},"end":{"line":136,"column":45}},{"start":{"line":136,"column":49},"end":{"line":136,"column":50}}],"line":136},"19":{"loc":{"start":{"line":139,"column":4},"end":{"line":154,"column":5}},"type":"if","locations":[{"start":{"line":139,"column":4},"end":{"line":154,"column":5}},{"start":{"line":142,"column":11},"end":{"line":154,"column":5}}],"line":139},"20":{"loc":{"start":{"line":142,"column":11},"end":{"line":154,"column":5}},"type":"if","locations":[{"start":{"line":142,"column":11},"end":{"line":154,"column":5}},{"start":{"line":145,"column":11},"end":{"line":154,"column":5}}],"line":142},"21":{"loc":{"start":{"line":145,"column":11},"end":{"line":154,"column":5}},"type":"if","locations":[{"start":{"line":145,"column":11},"end":{"line":154,"column":5}},{"start":{"line":148,"column":11},"end":{"line":154,"column":5}}],"line":145},"22":{"loc":{"start":{"line":148,"column":11},"end":{"line":154,"column":5}},"type":"if","locations":[{"start":{"line":148,"column":11},"end":{"line":154,"column":5}},{"start":{"line":151,"column":11},"end":{"line":154,"column":5}}],"line":148},"23":{"loc":{"start":{"line":171,"column":4},"end":{"line":177,"column":5}},"type":"if","locations":[{"start":{"line":171,"column":4},"end":{"line":177,"column":5}},{"start":{},"end":{}}],"line":171},"24":{"loc":{"start":{"line":199,"column":4},"end":{"line":205,"column":5}},"type":"if","locations":[{"start":{"line":199,"column":4},"end":{"line":205,"column":5}},{"start":{"line":201,"column":11},"end":{"line":205,"column":5}}],"line":199},"25":{"loc":{"start":{"line":201,"column":11},"end":{"line":205,"column":5}},"type":"if","locations":[{"start":{"line":201,"column":11},"end":{"line":205,"column":5}},{"start":{"line":203,"column":11},"end":{"line":205,"column":5}}],"line":201},"26":{"loc":{"start":{"line":215,"column":4},"end":{"line":219,"column":5}},"type":"if","locations":[{"start":{"line":215,"column":4},"end":{"line":219,"column":5}},{"start":{"line":217,"column":11},"end":{"line":219,"column":5}}],"line":215},"27":{"loc":{"start":{"line":235,"column":18},"end":{"line":237,"column":14}},"type":"cond-expr","locations":[{"start":{"line":236,"column":10},"end":{"line":236,"column":91}},{"start":{"line":237,"column":10},"end":{"line":237,"column":14}}],"line":235}},"s":{"0":1,"1":27,"2":27,"3":27,"4":27,"5":27,"6":27,"7":7,"8":2,"9":5,"10":5,"11":5,"12":5,"13":5,"14":105,"15":105,"16":105,"17":105,"18":105,"19":105,"20":105,"21":105,"22":105,"23":105,"24":6,"25":3,"26":3,"27":3,"28":2,"29":1,"30":1,"31":1,"32":2,"33":1,"34":3,"35":3,"36":3,"37":6,"38":1,"39":5,"40":5,"41":1,"42":1,"43":4,"44":1,"45":1,"46":3,"47":2,"48":2,"49":1,"50":0,"51":0,"52":1,"53":1,"54":5,"55":3,"56":1,"57":2,"58":2,"59":2,"60":2,"61":2,"62":6,"63":2,"64":4,"65":4,"66":0,"67":5,"68":5,"69":3,"70":2,"71":5,"72":2,"73":1,"74":1},"f":{"0":27,"1":7,"2":105,"3":6,"4":1,"5":3,"6":6,"7":3,"8":6,"9":5,"10":2,"11":1},"b":{"0":[24],"1":[27,26],"2":[27,26],"3":[27,27],"4":[27,27],"5":[27,27],"6":[27,27],"7":[2,5],"8":[3,3],"9":[6,5],"10":[3,0],"11":[2,1],"12":[1,1],"13":[3,0],"14":[3,0],"15":[3,0],"16":[3,0],"17":[1,5],"18":[5,0],"19":[1,4],"20":[1,3],"21":[2,1],"22":[0,1],"23":[1,2],"24":[2,4],"25":[4,0],"26":[3,2],"27":[1,1]},"_coverageSchema":"1a1c01bbd47fc00a2c39e90264f33305004495a9","hash":"6cfe6bbc4922e49873a0f4d4667ae338e71eea7a"}
,"D:\\publish双网\\textUtils.js": {"path":"D:\\publish双网\\textUtils.js","statementMap":{"0":{"start":{"line":7,"column":2},"end":{"line":7,"column":25}},"1":{"start":{"line":7,"column":13},"end":{"line":7,"column":25}},"2":{"start":{"line":10,"column":17},"end":{"line":10,"column":19}},"3":{"start":{"line":11,"column":2},"end":{"line":22,"column":3}},"4":{"start":{"line":12,"column":17},"end":{"line":12,"column":35}},"5":{"start":{"line":13,"column":4},"end":{"line":21,"column":5}},"6":{"start":{"line":15,"column":6},"end":{"line":15,"column":23}},"7":{"start":{"line":16,"column":11},"end":{"line":21,"column":5}},"8":{"start":{"line":18,"column":6},"end":{"line":18,"column":54}},"9":{"start":{"line":20,"column":6},"end":{"line":20,"column":24}},"10":{"start":{"line":24,"column":16},"end":{"line":24,"column":38}},"11":{"start":{"line":25,"column":2},"end":{"line":25,"column":41}},"12":{"start":{"line":27,"column":2},"end":{"line":27,"column":46}},"13":{"start":{"line":28,"column":2},"end":{"line":28,"column":62}},"14":{"start":{"line":29,"column":2},"end":{"line":29,"column":17}},"15":{"start":{"line":36,"column":18},"end":{"line":36,"column":39}},"16":{"start":{"line":37,"column":2},"end":{"line":37,"column":26}},"17":{"start":{"line":37,"column":16},"end":{"line":37,"column":26}},"18":{"start":{"line":38,"column":17},"end":{"line":38,"column":35}},"19":{"start":{"line":39,"column":16},"end":{"line":39,"column":59}},"20":{"start":{"line":40,"column":2},"end":{"line":40,"column":45}},"21":{"start":{"line":40,"column":28},"end":{"line":40,"column":45}},"22":{"start":{"line":41,"column":2},"end":{"line":41,"column":28}},"23":{"start":{"line":44,"column":0},"end":{"line":44,"column":49}}},"fnMap":{"0":{"name":"cleanText","decl":{"start":{"line":6,"column":9},"end":{"line":6,"column":18}},"loc":{"start":{"line":6,"column":25},"end":{"line":30,"column":1}},"line":6},"1":{"name":"extractIndexKeys","decl":{"start":{"line":35,"column":9},"end":{"line":35,"column":25}},"loc":{"start":{"line":35,"column":32},"end":{"line":42,"column":1}},"line":35}},"branchMap":{"0":{"loc":{"start":{"line":7,"column":2},"end":{"line":7,"column":25}},"type":"if","locations":[{"start":{"line":7,"column":2},"end":{"line":7,"column":25}},{"start":{},"end":{}}],"line":7},"1":{"loc":{"start":{"line":13,"column":4},"end":{"line":21,"column":5}},"type":"if","locations":[{"start":{"line":13,"column":4},"end":{"line":21,"column":5}},{"start":{"line":16,"column":11},"end":{"line":21,"column":5}}],"line":13},"2":{"loc":{"start":{"line":16,"column":11},"end":{"line":21,"column":5}},"type":"if","locations":[{"start":{"line":16,"column":11},"end":{"line":21,"column":5}},{"start":{"line":19,"column":11},"end":{"line":21,"column":5}}],"line":16},"3":{"loc":{"start":{"line":16,"column":15},"end":{"line":16,"column":47}},"type":"binary-expr","locations":[{"start":{"line":16,"column":15},"end":{"line":16,"column":29}},{"start":{"line":16,"column":33},"end":{"line":16,"column":47}}],"line":16},"4":{"loc":{"start":{"line":36,"column":28},"end":{"line":36,"column":38}},"type":"binary-expr","locations":[{"start":{"line":36,"column":28},"end":{"line":36,"column":32}},{"start":{"line":36,"column":36},"end":{"line":36,"column":38}}],"line":36},"5":{"loc":{"start":{"line":37,"column":2},"end":{"line":37,"column":26}},"type":"if","locations":[{"start":{"line":37,"column":2},"end":{"line":37,"column":26}},{"start":{},"end":{}}],"line":37},"6":{"loc":{"start":{"line":39,"column":16},"end":{"line":39,"column":59}},"type":"binary-expr","locations":[{"start":{"line":39,"column":16},"end":{"line":39,"column":53}},{"start":{"line":39,"column":57},"end":{"line":39,"column":59}}],"line":39}},"s":{"0":17,"1":5,"2":12,"3":12,"4":84,"5":84,"6":1,"7":83,"8":7,"9":76,"10":12,"11":12,"12":12,"13":12,"14":12,"15":5,"16":5,"17":2,"18":3,"19":3,"20":3,"21":3,"22":3,"23":2},"f":{"0":17,"1":5},"b":{"0":[5,12],"1":[1,83],"2":[7,76],"3":[83,7],"4":[5,2],"5":[2,3],"6":[3,0]},"_coverageSchema":"1a1c01bbd47fc00a2c39e90264f33305004495a9","hash":"87a99089ed90c900f71450639eca7d3fcd34cb0b"}
}
