TN:
SF:cache.js
FN:11,(anonymous_0)
FN:17,(anonymous_1)
FN:22,(anonymous_2)
FN:27,(anonymous_3)
FN:37,(anonymous_4)
FN:49,(anonymous_5)
FNF:6
FNH:5
FNDA:10,(anonymous_0)
FNDA:6,(anonymous_1)
FNDA:0,(anonymous_2)
FNDA:17,(anonymous_3)
FNDA:17,(anonymous_4)
FNDA:1,(anonymous_5)
DA:3,2
DA:12,10
DA:13,10
DA:18,6
DA:23,0
DA:28,17
DA:29,11
DA:31,11
DA:32,11
DA:33,11
DA:38,17
DA:39,1
DA:40,16
DA:42,3
DA:43,3
DA:45,17
DA:50,1
DA:54,2
LF:18
LH:17
BRDA:12,0,0,10
BRDA:12,0,1,0
BRDA:28,1,0,6
BRDA:28,1,1,11
BRDA:38,2,0,1
BRDA:38,2,1,16
BRDA:40,3,0,3
BRDA:40,3,1,13
BRF:8
BRH:7
end_of_record
TN:
SF:config.js
FNF:0
FNH:0
DA:1,2
DA:4,2
DA:12,2
DA:59,2
LF:4
LH:4
BRDA:13,0,0,2
BRDA:13,0,1,2
BRDA:25,1,0,2
BRDA:25,1,1,2
BRDA:28,2,0,2
BRDA:28,2,1,2
BRDA:31,3,0,2
BRDA:31,3,1,2
BRDA:34,4,0,2
BRDA:34,4,1,2
BRDA:35,5,0,2
BRDA:35,5,1,2
BRDA:38,6,0,2
BRDA:38,6,1,2
BRF:14
BRH:14
end_of_record
TN:
SF:htmlParser.js
FN:8,isValidUTF8
FN:33,extractQuestions
FN:77,(anonymous_2)
FN:111,(anonymous_3)
FN:132,(anonymous_4)
FN:143,(anonymous_5)
FN:211,(anonymous_6)
FN:226,(anonymous_7)
FN:243,(anonymous_8)
FN:258,(anonymous_9)
FN:263,(anonymous_10)
FN:283,parseOptionText
FN:296,(anonymous_12)
FN:311,(anonymous_13)
FNF:14
FNH:0
FNDA:0,isValidUTF8
FNDA:0,extractQuestions
FNDA:0,(anonymous_2)
FNDA:0,(anonymous_3)
FNDA:0,(anonymous_4)
FNDA:0,(anonymous_5)
FNDA:0,(anonymous_6)
FNDA:0,(anonymous_7)
FNDA:0,(anonymous_8)
FNDA:0,(anonymous_9)
FNDA:0,(anonymous_10)
FNDA:0,parseOptionText
FNDA:0,(anonymous_12)
FNDA:0,(anonymous_13)
DA:3,1
DA:4,1
DA:5,1
DA:11,0
DA:16,0
DA:17,0
DA:20,0
DA:23,0
DA:24,0
DA:26,0
DA:35,0
DA:37,0
DA:38,0
DA:40,0
DA:41,0
DA:44,0
DA:48,0
DA:49,0
DA:51,0
DA:54,0
DA:56,0
DA:57,0
DA:59,0
DA:61,0
DA:62,0
DA:63,0
DA:64,0
DA:66,0
DA:73,0
DA:74,0
DA:77,0
DA:78,0
DA:81,0
DA:82,0
DA:83,0
DA:84,0
DA:87,0
DA:88,0
DA:89,0
DA:90,0
DA:91,0
DA:92,0
DA:98,0
DA:99,0
DA:100,0
DA:101,0
DA:102,0
DA:103,0
DA:104,0
DA:109,0
DA:110,0
DA:111,0
DA:112,0
DA:113,0
DA:114,0
DA:115,0
DA:116,0
DA:117,0
DA:118,0
DA:119,0
DA:120,0
DA:124,0
DA:125,0
DA:130,0
DA:131,0
DA:132,0
DA:133,0
DA:134,0
DA:136,0
DA:139,0
DA:140,0
DA:141,0
DA:143,0
DA:144,0
DA:146,0
DA:147,0
DA:148,0
DA:149,0
DA:151,0
DA:154,0
DA:156,0
DA:158,0
DA:159,0
DA:160,0
DA:161,0
DA:162,0
DA:166,0
DA:168,0
DA:169,0
DA:171,0
DA:172,0
DA:173,0
DA:180,0
DA:181,0
DA:182,0
DA:183,0
DA:188,0
DA:190,0
DA:192,0
DA:193,0
DA:195,0
DA:199,0
DA:200,0
DA:206,0
DA:207,0
DA:208,0
DA:209,0
DA:211,0
DA:212,0
DA:213,0
DA:215,0
DA:216,0
DA:217,0
DA:220,0
DA:221,0
DA:222,0
DA:223,0
DA:224,0
DA:226,0
DA:228,0
DA:237,0
DA:238,0
DA:243,0
DA:244,0
DA:256,0
DA:258,0
DA:259,0
DA:263,0
DA:264,0
DA:266,0
DA:269,0
DA:271,0
DA:273,0
DA:274,0
DA:276,0
DA:280,0
DA:281,0
DA:284,0
DA:285,0
DA:288,0
DA:289,0
DA:290,0
DA:292,0
DA:295,0
DA:296,0
DA:297,0
DA:298,0
DA:299,0
DA:300,0
DA:301,0
DA:302,0
DA:303,0
DA:309,0
DA:310,0
DA:311,0
DA:312,0
DA:313,0
DA:314,0
DA:315,0
DA:316,0
DA:317,0
DA:318,0
DA:323,0
DA:325,0
DA:326,0
DA:327,0
DA:328,0
DA:329,0
DA:332,0
DA:337,0
DA:340,1
LF:171
LH:4
BRDA:17,0,0,0
BRDA:17,0,1,0
BRDA:23,1,0,0
BRDA:23,1,1,0
BRDA:23,2,0,0
BRDA:23,2,1,0
BRDA:35,3,0,0
BRDA:35,3,1,0
BRDA:40,4,0,0
BRDA:40,4,1,0
BRDA:54,5,0,0
BRDA:54,5,1,0
BRDA:57,6,0,0
BRDA:57,6,1,0
BRDA:59,7,0,0
BRDA:59,7,1,0
BRDA:83,8,0,0
BRDA:83,8,1,0
BRDA:88,9,0,0
BRDA:88,9,1,0
BRDA:91,10,0,0
BRDA:91,10,1,0
BRDA:98,11,0,0
BRDA:98,11,1,0
BRDA:101,12,0,0
BRDA:101,12,1,0
BRDA:101,13,0,0
BRDA:101,13,1,0
BRDA:114,14,0,0
BRDA:114,14,1,0
BRDA:117,15,0,0
BRDA:117,15,1,0
BRDA:117,16,0,0
BRDA:117,16,1,0
BRDA:118,17,0,0
BRDA:118,17,1,0
BRDA:118,18,0,0
BRDA:118,18,1,0
BRDA:119,19,0,0
BRDA:119,19,1,0
BRDA:119,20,0,0
BRDA:119,20,1,0
BRDA:120,21,0,0
BRDA:120,21,1,0
BRDA:120,22,0,0
BRDA:120,22,1,0
BRDA:124,23,0,0
BRDA:124,23,1,0
BRDA:130,24,0,0
BRDA:130,24,1,0
BRDA:136,25,0,0
BRDA:136,25,1,0
BRDA:147,26,0,0
BRDA:147,26,1,0
BRDA:151,27,0,0
BRDA:151,27,1,0
BRDA:159,28,0,0
BRDA:159,28,1,0
BRDA:159,29,0,0
BRDA:159,29,1,0
BRDA:161,30,0,0
BRDA:161,30,1,0
BRDA:161,31,0,0
BRDA:161,31,1,0
BRDA:166,32,0,0
BRDA:166,32,1,0
BRDA:169,33,0,0
BRDA:169,33,1,0
BRDA:172,34,0,0
BRDA:172,34,1,0
BRDA:180,35,0,0
BRDA:180,35,1,0
BRDA:181,36,0,0
BRDA:181,36,1,0
BRDA:182,37,0,0
BRDA:182,37,1,0
BRDA:183,38,0,0
BRDA:183,38,1,0
BRDA:188,39,0,0
BRDA:188,39,1,0
BRDA:188,40,0,0
BRDA:188,40,1,0
BRDA:192,41,0,0
BRDA:192,41,1,0
BRDA:199,42,0,0
BRDA:199,42,1,0
BRDA:199,43,0,0
BRDA:199,43,1,0
BRDA:199,43,2,0
BRDA:199,43,3,0
BRDA:199,43,4,0
BRDA:206,44,0,0
BRDA:206,44,1,0
BRDA:215,45,0,0
BRDA:215,45,1,0
BRDA:220,46,0,0
BRDA:220,46,1,0
BRDA:221,47,0,0
BRDA:221,47,1,0
BRDA:222,48,0,0
BRDA:222,48,1,0
BRDA:223,49,0,0
BRDA:223,49,1,0
BRDA:224,50,0,0
BRDA:224,50,1,0
BRDA:224,51,0,0
BRDA:224,51,1,0
BRDA:226,52,0,0
BRDA:226,52,1,0
BRDA:226,53,0,0
BRDA:226,53,1,0
BRDA:230,54,0,0
BRDA:230,54,1,0
BRDA:231,55,0,0
BRDA:231,55,1,0
BRDA:232,56,0,0
BRDA:232,56,1,0
BRDA:233,57,0,0
BRDA:233,57,1,0
BRDA:243,58,0,0
BRDA:243,58,1,0
BRDA:243,59,0,0
BRDA:243,59,1,0
BRDA:246,60,0,0
BRDA:246,60,1,0
BRDA:247,61,0,0
BRDA:247,61,1,0
BRDA:248,62,0,0
BRDA:248,62,1,0
BRDA:249,63,0,0
BRDA:249,63,1,0
BRDA:256,64,0,0
BRDA:256,64,1,0
BRDA:264,65,0,0
BRDA:264,65,1,0
BRDA:269,66,0,0
BRDA:269,66,1,0
BRDA:274,67,0,0
BRDA:274,67,1,0
BRDA:276,68,0,0
BRDA:276,68,1,0
BRDA:284,69,0,0
BRDA:284,69,1,0
BRDA:289,70,0,0
BRDA:289,70,1,0
BRDA:295,71,0,0
BRDA:295,71,1,0
BRDA:299,72,0,0
BRDA:299,72,1,0
BRDA:300,73,0,0
BRDA:300,73,1,0
BRDA:300,74,0,0
BRDA:300,74,1,0
BRDA:301,75,0,0
BRDA:301,75,1,0
BRDA:301,76,0,0
BRDA:301,76,1,0
BRDA:302,77,0,0
BRDA:302,77,1,0
BRDA:302,78,0,0
BRDA:302,78,1,0
BRDA:303,79,0,0
BRDA:303,79,1,0
BRDA:303,80,0,0
BRDA:303,80,1,0
BRDA:309,81,0,0
BRDA:309,81,1,0
BRDA:309,82,0,0
BRDA:309,82,1,0
BRDA:309,82,2,0
BRDA:309,82,3,0
BRDA:314,83,0,0
BRDA:314,83,1,0
BRDA:315,84,0,0
BRDA:315,84,1,0
BRDA:315,85,0,0
BRDA:315,85,1,0
BRDA:316,86,0,0
BRDA:316,86,1,0
BRDA:316,87,0,0
BRDA:316,87,1,0
BRDA:317,88,0,0
BRDA:317,88,1,0
BRDA:317,89,0,0
BRDA:317,89,1,0
BRDA:318,90,0,0
BRDA:318,90,1,0
BRDA:318,91,0,0
BRDA:318,91,1,0
BRDA:323,92,0,0
BRDA:323,92,1,0
BRDA:328,93,0,0
BRDA:328,93,1,0
BRDA:328,94,0,0
BRDA:328,94,1,0
BRDA:329,95,0,0
BRDA:329,95,1,0
BRDA:337,96,0,0
BRDA:337,96,1,0
BRF:199
BRH:0
end_of_record
TN:
SF:logger.js
FN:16,writeToFile
FN:26,(anonymous_1)
FN:35,(anonymous_2)
FN:41,(anonymous_3)
FN:47,(anonymous_4)
FN:53,(anonymous_5)
FNF:6
FNH:4
FNDA:1,writeToFile
FNDA:1,(anonymous_1)
FNDA:0,(anonymous_2)
FNDA:1,(anonymous_3)
FNDA:0,(anonymous_4)
FNDA:1,(anonymous_5)
DA:3,1
DA:4,1
DA:5,1
DA:7,1
DA:10,1
DA:11,1
DA:13,1
DA:17,1
DA:19,1
DA:20,1
DA:21,1
DA:22,0
DA:23,0
DA:26,1
DA:27,1
DA:28,1
DA:34,1
DA:36,0
DA:37,0
DA:38,0
DA:42,1
DA:43,1
DA:44,1
DA:48,0
DA:49,0
DA:50,0
DA:54,1
DA:55,0
DA:56,0
DA:61,1
LF:30
LH:20
BRDA:13,0,0,0
BRDA:13,0,1,1
BRDA:19,1,0,1
BRDA:19,1,1,0
BRDA:21,2,0,0
BRDA:21,2,1,1
BRDA:26,3,0,1
BRDA:26,3,1,0
BRDA:36,4,0,0
BRDA:36,4,1,0
BRDA:42,5,0,1
BRDA:42,5,1,0
BRDA:48,6,0,0
BRDA:48,6,1,0
BRDA:54,7,0,0
BRDA:54,7,1,1
BRF:16
BRH:6
end_of_record
TN:
SF:middleware.js
FN:7,setupBodyParsers
FN:17,corsMiddleware
FN:49,rateLimitMiddleware
FN:75,(anonymous_3)
FNF:4
FNH:4
FNDA:1,setupBodyParsers
FNDA:15,corsMiddleware
FNDA:13,rateLimitMiddleware
FNDA:29,(anonymous_3)
DA:3,1
DA:4,1
DA:9,1
DA:11,1
DA:13,1
DA:18,15
DA:20,15
DA:21,0
DA:23,0
DA:24,0
DA:25,0
DA:26,0
DA:27,0
DA:28,0
DA:29,0
DA:30,0
DA:33,15
DA:36,15
DA:37,15
DA:38,15
DA:40,15
DA:41,0
DA:43,15
DA:47,1
DA:50,13
DA:51,13
DA:53,13
DA:54,1
DA:55,1
DA:58,12
DA:60,12
DA:61,0
DA:62,0
DA:63,0
DA:66,12
DA:67,0
DA:70,12
DA:71,12
DA:75,1
DA:76,29
DA:77,29
DA:78,24
DA:79,0
DA:85,1
DA:86,1
DA:89,1
LF:46
LH:31
BRDA:20,0,0,0
BRDA:20,0,1,15
BRDA:21,1,0,0
BRDA:21,1,1,0
BRDA:24,2,0,0
BRDA:24,2,1,0
BRDA:26,3,0,0
BRDA:26,3,1,0
BRDA:29,4,0,0
BRDA:29,4,1,0
BRDA:40,5,0,0
BRDA:40,5,1,15
BRDA:50,6,0,13
BRDA:50,6,1,0
BRDA:53,7,0,1
BRDA:53,7,1,12
BRDA:60,8,0,0
BRDA:60,8,1,12
BRDA:66,9,0,0
BRDA:66,9,1,12
BRDA:78,10,0,0
BRDA:78,10,1,24
BRDA:85,11,0,1
BRDA:85,11,1,0
BRF:24
BRH:9
end_of_record
TN:
SF:questionBank.js
FN:17,withWriteLock
FN:19,(anonymous_1)
FN:24,detectQuestionType
FN:53,createQuestion
FN:58,buildQuestionIndex
FN:71,getIndexedCandidates
FN:85,isQuestionExists
FN:87,(anonymous_7)
FN:95,loadQuestionBankFromDisk
FN:116,getQuestionBank
FN:124,saveQuestionBank
FN:125,(anonymous_11)
FN:137,saveExtractedQuestions
FN:138,(anonymous_13)
FN:156,loadExtractedQuestionsFromDisk
FN:176,getExtractedQuestions
FN:181,importFromTxt
FN:194,(anonymous_17)
FNF:18
FNH:13
FNDA:1,withWriteLock
FNDA:0,(anonymous_1)
FNDA:22,detectQuestionType
FNDA:7,createQuestion
FNDA:4,buildQuestionIndex
FNDA:0,getIndexedCandidates
FNDA:5,isQuestionExists
FNDA:5,(anonymous_7)
FNDA:3,loadQuestionBankFromDisk
FNDA:4,getQuestionBank
FNDA:1,saveQuestionBank
FNDA:1,(anonymous_11)
FNDA:0,saveExtractedQuestions
FNDA:0,(anonymous_13)
FNDA:0,loadExtractedQuestionsFromDisk
FNDA:1,getExtractedQuestions
FNDA:3,importFromTxt
FNDA:6,(anonymous_17)
DA:3,24
DA:4,24
DA:5,24
DA:6,24
DA:7,24
DA:10,24
DA:11,24
DA:12,24
DA:15,24
DA:18,1
DA:19,1
DA:20,1
DA:25,22
DA:28,21
DA:29,21
DA:32,21
DA:33,5
DA:36,16
DA:37,4
DA:39,12
DA:40,8
DA:43,4
DA:44,0
DA:46,4
DA:47,2
DA:49,2
DA:54,7
DA:59,4
DA:60,4
DA:61,2
DA:62,2
DA:63,2
DA:64,2
DA:66,2
DA:72,0
DA:73,0
DA:74,0
DA:76,0
DA:77,0
DA:78,0
DA:79,0
DA:81,0
DA:86,5
DA:87,5
DA:88,5
DA:96,3
DA:97,3
DA:98,2
DA:99,2
DA:100,1
DA:102,1
DA:103,1
DA:106,1
DA:107,0
DA:109,1
DA:111,3
DA:112,3
DA:117,4
DA:125,1
DA:126,1
DA:131,1
DA:132,1
DA:138,0
DA:147,0
DA:152,0
DA:153,0
DA:157,0
DA:158,0
DA:159,0
DA:160,0
DA:161,0
DA:163,0
DA:164,0
DA:167,0
DA:168,0
DA:170,0
DA:172,0
DA:177,1
DA:182,3
DA:183,3
DA:184,3
DA:186,1
DA:187,1
DA:188,1
DA:190,0
DA:191,0
DA:194,6
DA:195,2
DA:197,2
DA:198,6
DA:199,6
DA:201,5
DA:202,5
DA:203,5
DA:204,5
DA:205,5
DA:207,5
DA:209,2
DA:212,24
LF:99
LH:72
BRDA:25,0,0,1
BRDA:25,0,1,21
BRDA:29,1,0,0
BRDA:29,1,1,21
BRDA:32,2,0,5
BRDA:32,2,1,16
BRDA:36,3,0,4
BRDA:36,3,1,12
BRDA:36,4,0,16
BRDA:36,4,1,14
BRDA:39,5,0,8
BRDA:39,5,1,4
BRDA:39,6,0,12
BRDA:39,6,1,11
BRDA:43,7,0,0
BRDA:43,7,1,4
BRDA:43,8,0,4
BRDA:43,8,1,2
BRDA:46,9,0,2
BRDA:46,9,1,2
BRDA:54,10,0,7
BRDA:54,10,1,6
BRDA:61,11,0,2
BRDA:61,11,1,0
BRDA:63,12,0,2
BRDA:63,12,1,0
BRDA:73,13,0,0
BRDA:73,13,1,0
BRDA:76,14,0,0
BRDA:76,14,1,0
BRDA:78,15,0,0
BRDA:78,15,1,0
BRDA:88,16,0,5
BRDA:88,16,1,4
BRDA:88,16,2,3
BRDA:90,17,0,3
BRDA:90,17,1,1
BRDA:90,18,0,3
BRDA:90,18,1,1
BRDA:100,19,0,1
BRDA:100,19,1,0
BRDA:106,20,0,0
BRDA:106,20,1,1
BRDA:106,21,0,1
BRDA:106,21,1,1
BRDA:141,22,0,0
BRDA:141,22,1,0
BRDA:142,23,0,0
BRDA:142,23,1,0
BRDA:143,24,0,0
BRDA:143,24,1,0
BRDA:144,25,0,0
BRDA:144,25,1,0
BRDA:161,26,0,0
BRDA:161,26,1,0
BRDA:167,27,0,0
BRDA:167,27,1,0
BRDA:167,28,0,0
BRDA:167,28,1,0
BRDA:186,29,0,1
BRDA:186,29,1,0
BRDA:186,30,0,1
BRDA:186,30,1,1
BRDA:199,31,0,1
BRDA:199,31,1,5
BRDA:203,32,0,5
BRDA:203,32,1,0
BRF:67
BRH:39
end_of_record
TN:
SF:questionMatcher.js
FN:10,loadInitial
FN:16,getFuseThreshold
FN:20,setFuseThreshold
FN:36,clearAnswerCache
FN:49,invalidateFuse
FN:54,ensureFuseInstance
FN:61,(anonymous_6)
FN:78,findAnswerWithOption
FN:96,(anonymous_8)
FN:125,parseAnswerLetters
FN:142,findOptionByText
FN:175,pushOption
FNF:12
FNH:9
FNDA:21,loadInitial
FNDA:4,getFuseThreshold
FNDA:8,setFuseThreshold
FNDA:1,clearAnswerCache
FNDA:1,invalidateFuse
FNDA:0,ensureFuseInstance
FNDA:0,(anonymous_6)
FNDA:6,findAnswerWithOption
FNDA:0,(anonymous_8)
FNDA:12,parseAnswerLetters
FNDA:4,findOptionByText
FNDA:12,pushOption
DA:3,21
DA:4,21
DA:5,21
DA:6,21
DA:7,21
DA:10,21
DA:11,21
DA:12,21
DA:13,21
DA:17,4
DA:21,8
DA:22,8
DA:23,3
DA:25,3
DA:26,3
DA:27,3
DA:29,5
DA:33,21
DA:37,1
DA:41,21
DA:42,21
DA:43,21
DA:50,1
DA:51,1
DA:55,0
DA:56,0
DA:59,0
DA:61,0
DA:66,0
DA:73,0
DA:74,0
DA:79,6
DA:81,3
DA:82,3
DA:83,3
DA:86,0
DA:87,0
DA:90,0
DA:93,0
DA:96,0
DA:100,0
DA:109,0
DA:112,0
DA:113,0
DA:114,0
DA:115,0
DA:116,0
DA:118,0
DA:121,0
DA:126,12
DA:128,12
DA:135,12
DA:138,10
DA:139,1
DA:143,4
DA:144,4
DA:146,4
DA:147,4
DA:149,4
DA:150,7
DA:151,7
DA:154,7
DA:155,4
DA:159,3
DA:164,1
DA:165,1
DA:166,1
DA:171,0
DA:176,12
DA:177,12
DA:178,12
DA:187,9
DA:188,1
DA:189,1
DA:190,2
DA:191,2
DA:192,2
DA:194,2
DA:195,2
DA:196,2
DA:201,8
DA:202,2
DA:203,4
DA:204,4
DA:209,6
DA:210,0
DA:211,0
DA:212,0
DA:213,0
DA:214,0
DA:215,0
DA:216,0
DA:217,0
DA:223,6
DA:224,6
DA:225,2
DA:227,2
DA:228,2
DA:229,2
DA:232,4
DA:233,2
DA:234,2
DA:235,2
DA:239,9
DA:242,21
LF:105
LH:75
BRDA:11,0,0,21
BRDA:11,0,1,21
BRDA:12,1,0,0
BRDA:12,1,1,21
BRDA:12,2,0,21
BRDA:12,2,1,0
BRDA:12,2,2,0
BRDA:22,3,0,3
BRDA:22,3,1,5
BRDA:22,4,0,8
BRDA:22,4,1,6
BRDA:22,4,2,4
BRDA:55,5,0,0
BRDA:55,5,1,0
BRDA:55,6,0,0
BRDA:55,6,1,0
BRDA:63,7,0,0
BRDA:63,7,1,0
BRDA:63,8,0,0
BRDA:63,8,1,0
BRDA:79,9,0,3
BRDA:79,9,1,3
BRDA:82,10,0,3
BRDA:82,10,1,0
BRDA:82,11,0,3
BRDA:82,11,1,3
BRDA:82,11,2,1
BRDA:87,12,0,0
BRDA:87,12,1,0
BRDA:93,13,0,0
BRDA:93,13,1,0
BRDA:93,14,0,0
BRDA:93,14,1,0
BRDA:98,15,0,0
BRDA:98,15,1,0
BRDA:98,16,0,0
BRDA:98,16,1,0
BRDA:113,17,0,0
BRDA:113,17,1,0
BRDA:113,18,0,0
BRDA:113,18,1,0
BRDA:115,19,0,0
BRDA:115,19,1,0
BRDA:129,20,0,12
BRDA:129,20,1,6
BRDA:129,21,0,6
BRDA:129,21,1,0
BRDA:130,22,0,12
BRDA:130,22,1,6
BRDA:130,23,0,6
BRDA:130,23,1,0
BRDA:131,24,0,12
BRDA:131,24,1,6
BRDA:131,25,0,6
BRDA:131,25,1,4
BRDA:132,26,0,12
BRDA:132,26,1,6
BRDA:132,27,0,6
BRDA:132,27,1,4
BRDA:135,28,0,2
BRDA:135,28,1,10
BRDA:138,29,0,1
BRDA:138,29,1,9
BRDA:143,30,0,4
BRDA:143,30,1,0
BRDA:144,31,0,0
BRDA:144,31,1,4
BRDA:151,32,0,0
BRDA:151,32,1,7
BRDA:154,33,0,4
BRDA:154,33,1,3
BRDA:159,34,0,1
BRDA:159,34,1,2
BRDA:160,35,0,3
BRDA:160,35,1,3
BRDA:164,36,0,1
BRDA:164,36,1,0
BRDA:177,37,0,12
BRDA:177,37,1,0
BRDA:187,38,0,1
BRDA:187,38,1,8
BRDA:191,39,0,2
BRDA:191,39,1,0
BRDA:195,40,0,2
BRDA:195,40,1,0
BRDA:195,41,0,2
BRDA:195,41,1,0
BRDA:201,42,0,2
BRDA:201,42,1,6
BRDA:203,43,0,4
BRDA:203,43,1,0
BRDA:209,44,0,0
BRDA:209,44,1,6
BRDA:209,45,0,6
BRDA:209,45,1,4
BRDA:213,46,0,0
BRDA:213,46,1,0
BRDA:216,47,0,0
BRDA:216,47,1,0
BRDA:224,48,0,2
BRDA:224,48,1,4
BRDA:228,49,0,2
BRDA:228,49,1,0
BRDA:228,50,0,2
BRDA:228,50,1,0
BRDA:232,51,0,2
BRDA:232,51,1,2
BRDA:232,52,0,4
BRDA:232,52,1,2
BRDA:233,53,0,2
BRDA:233,53,1,0
BRDA:234,54,0,2
BRDA:234,54,1,0
BRDA:234,55,0,2
BRDA:234,55,1,0
BRDA:235,56,0,2
BRDA:235,56,1,0
BRF:117
BRH:67
end_of_record
TN:
SF:routes.js
FN:34,(anonymous_0)
FN:55,(anonymous_1)
FN:69,(anonymous_2)
FN:83,(anonymous_3)
FN:107,(anonymous_4)
FN:127,(anonymous_5)
FN:199,(anonymous_6)
FN:209,(anonymous_7)
FN:210,(anonymous_8)
FN:241,(anonymous_9)
FN:262,(anonymous_10)
FN:267,(anonymous_11)
FN:302,(anonymous_12)
FN:306,(anonymous_13)
FN:316,(anonymous_14)
FN:334,(anonymous_15)
FN:343,(anonymous_16)
FN:397,(anonymous_17)
FN:414,(anonymous_18)
FN:465,(anonymous_19)
FN:476,(anonymous_20)
FN:510,(anonymous_21)
FN:521,(anonymous_22)
FN:531,(anonymous_23)
FN:541,(anonymous_24)
FN:551,(anonymous_25)
FN:568,(anonymous_26)
FN:593,(anonymous_27)
FN:599,(anonymous_28)
FN:611,(anonymous_29)
FN:626,(anonymous_30)
FN:638,(anonymous_31)
FN:676,(anonymous_32)
FN:687,(anonymous_33)
FN:704,(anonymous_34)
FN:738,(anonymous_35)
FNF:36
FNH:10
FNDA:1,(anonymous_0)
FNDA:0,(anonymous_1)
FNDA:1,(anonymous_2)
FNDA:0,(anonymous_3)
FNDA:0,(anonymous_4)
FNDA:2,(anonymous_5)
FNDA:0,(anonymous_6)
FNDA:0,(anonymous_7)
FNDA:0,(anonymous_8)
FNDA:0,(anonymous_9)
FNDA:1,(anonymous_10)
FNDA:0,(anonymous_11)
FNDA:1,(anonymous_12)
FNDA:3,(anonymous_13)
FNDA:2,(anonymous_14)
FNDA:0,(anonymous_15)
FNDA:0,(anonymous_16)
FNDA:0,(anonymous_17)
FNDA:0,(anonymous_18)
FNDA:0,(anonymous_19)
FNDA:2,(anonymous_20)
FNDA:1,(anonymous_21)
FNDA:0,(anonymous_22)
FNDA:0,(anonymous_23)
FNDA:0,(anonymous_24)
FNDA:0,(anonymous_25)
FNDA:0,(anonymous_26)
FNDA:0,(anonymous_27)
FNDA:0,(anonymous_28)
FNDA:0,(anonymous_29)
FNDA:0,(anonymous_30)
FNDA:0,(anonymous_31)
FNDA:1,(anonymous_32)
FNDA:0,(anonymous_33)
FNDA:0,(anonymous_34)
FNDA:0,(anonymous_35)
DA:3,1
DA:4,1
DA:5,1
DA:6,1
DA:7,1
DA:8,1
DA:9,1
DA:10,1
DA:20,1
DA:28,1
DA:29,1
DA:31,1
DA:34,1
DA:35,1
DA:36,1
DA:38,1
DA:40,1
DA:47,1
DA:48,1
DA:50,1
DA:54,1
DA:55,1
DA:56,0
DA:57,0
DA:58,0
DA:60,0
DA:61,0
DA:62,0
DA:63,0
DA:65,0
DA:69,1
DA:70,1
DA:71,1
DA:72,1
DA:73,1
DA:76,0
DA:80,1
DA:83,1
DA:84,0
DA:85,0
DA:86,0
DA:89,0
DA:90,0
DA:91,0
DA:93,0
DA:95,0
DA:99,0
DA:101,0
DA:103,0
DA:107,0
DA:108,0
DA:110,0
DA:111,0
DA:116,0
DA:117,0
DA:120,0
DA:122,0
DA:127,1
DA:128,2
DA:129,2
DA:132,2
DA:133,0
DA:137,2
DA:138,0
DA:139,0
DA:140,0
DA:147,2
DA:148,2
DA:152,0
DA:153,0
DA:159,0
DA:160,0
DA:161,0
DA:163,0
DA:166,0
DA:167,0
DA:168,0
DA:172,0
DA:173,0
DA:176,0
DA:184,0
DA:185,0
DA:186,0
DA:187,0
DA:194,0
DA:195,0
DA:196,0
DA:199,0
DA:200,0
DA:201,0
DA:207,0
DA:209,0
DA:210,0
DA:211,0
DA:214,0
DA:220,0
DA:221,0
DA:224,0
DA:227,0
DA:228,0
DA:229,0
DA:231,0
DA:232,0
DA:233,0
DA:234,0
DA:235,0
DA:237,0
DA:240,0
DA:241,0
DA:244,0
DA:247,0
DA:251,0
DA:252,0
DA:254,0
DA:256,0
DA:257,0
DA:262,1
DA:263,1
DA:267,1
DA:268,0
DA:269,0
DA:270,0
DA:271,0
DA:274,0
DA:275,0
DA:276,0
DA:279,0
DA:280,0
DA:282,0
DA:283,0
DA:291,0
DA:294,0
DA:296,0
DA:297,0
DA:302,1
DA:303,1
DA:306,1
DA:307,3
DA:308,3
DA:309,2
DA:311,1
DA:312,1
DA:316,1
DA:317,2
DA:318,2
DA:319,2
DA:320,2
DA:322,0
DA:323,0
DA:324,0
DA:325,0
DA:326,0
DA:328,0
DA:329,0
DA:334,1
DA:335,0
DA:336,0
DA:337,0
DA:338,0
DA:341,0
DA:343,0
DA:344,0
DA:345,0
DA:346,0
DA:347,0
DA:349,0
DA:351,0
DA:352,0
DA:353,0
DA:354,0
DA:355,0
DA:358,0
DA:359,0
DA:360,0
DA:361,0
DA:364,0
DA:365,0
DA:366,0
DA:367,0
DA:368,0
DA:371,0
DA:372,0
DA:374,0
DA:375,0
DA:378,0
DA:379,0
DA:380,0
DA:382,0
DA:391,0
DA:392,0
DA:397,1
DA:398,0
DA:399,0
DA:400,0
DA:402,0
DA:403,0
DA:404,0
DA:405,0
DA:406,0
DA:407,0
DA:409,0
DA:412,0
DA:414,0
DA:415,0
DA:416,0
DA:417,0
DA:418,0
DA:419,0
DA:421,0
DA:422,0
DA:423,0
DA:424,0
DA:425,0
DA:428,0
DA:430,0
DA:431,0
DA:432,0
DA:433,0
DA:436,0
DA:437,0
DA:438,0
DA:439,0
DA:442,0
DA:443,0
DA:446,0
DA:447,0
DA:448,0
DA:450,0
DA:459,0
DA:460,0
DA:465,1
DA:466,0
DA:471,1
DA:472,1
DA:473,1
DA:476,1
DA:477,2
DA:485,2
DA:487,2
DA:488,1
DA:491,1
DA:493,1
DA:502,1
DA:504,0
DA:505,0
DA:510,1
DA:511,1
DA:513,1
DA:514,1
DA:517,0
DA:521,1
DA:522,0
DA:523,0
DA:524,0
DA:526,0
DA:531,1
DA:532,0
DA:533,0
DA:534,0
DA:536,0
DA:541,1
DA:542,0
DA:543,0
DA:544,0
DA:546,0
DA:551,1
DA:553,0
DA:555,0
DA:556,0
DA:559,0
DA:560,0
DA:563,0
DA:564,0
DA:568,1
DA:569,0
DA:570,0
DA:572,0
DA:573,0
DA:576,0
DA:577,0
DA:578,0
DA:580,0
DA:582,0
DA:583,0
DA:585,0
DA:586,0
DA:593,1
DA:594,0
DA:595,0
DA:599,1
DA:600,0
DA:602,0
DA:603,0
DA:606,0
DA:607,0
DA:611,1
DA:612,0
DA:613,0
DA:614,0
DA:617,0
DA:619,0
DA:621,0
DA:626,1
DA:627,0
DA:628,0
DA:629,0
DA:631,0
DA:638,1
DA:639,0
DA:640,0
DA:641,0
DA:643,0
DA:644,0
DA:647,0
DA:648,0
DA:652,0
DA:653,0
DA:654,0
DA:655,0
DA:656,0
DA:657,0
DA:658,0
DA:659,0
DA:661,0
DA:664,0
DA:670,0
DA:671,0
DA:676,1
DA:677,1
DA:678,1
DA:679,1
DA:681,0
DA:682,0
DA:687,1
DA:688,0
DA:689,0
DA:691,0
DA:692,0
DA:695,0
DA:696,0
DA:698,0
DA:699,0
DA:704,1
DA:705,0
DA:706,0
DA:707,0
DA:708,0
DA:709,0
DA:711,0
DA:712,0
DA:715,0
DA:717,0
DA:718,0
DA:721,0
DA:727,0
DA:728,0
DA:730,0
DA:732,0
DA:733,0
DA:738,1
DA:739,0
DA:740,0
DA:741,0
DA:743,0
DA:744,0
DA:748,1
LF:366
LH:88
BRDA:47,0,0,1
BRDA:47,0,1,0
BRDA:57,1,0,0
BRDA:57,1,1,0
BRDA:57,2,0,0
BRDA:57,2,1,0
BRDA:71,3,0,1
BRDA:71,3,1,0
BRDA:76,4,0,0
BRDA:76,4,1,0
BRDA:85,5,0,0
BRDA:85,5,1,0
BRDA:85,6,0,0
BRDA:85,6,1,0
BRDA:103,7,0,0
BRDA:103,7,1,0
BRDA:103,8,0,0
BRDA:103,8,1,0
BRDA:103,8,2,0
BRDA:108,9,0,0
BRDA:108,9,1,0
BRDA:129,10,0,2
BRDA:129,10,1,1
BRDA:132,11,0,0
BRDA:132,11,1,2
BRDA:137,12,0,0
BRDA:137,12,1,2
BRDA:137,13,0,2
BRDA:137,13,1,0
BRDA:140,14,0,0
BRDA:140,14,1,0
BRDA:147,15,0,2
BRDA:147,15,1,0
BRDA:147,16,0,2
BRDA:147,16,1,2
BRDA:152,17,0,0
BRDA:152,17,1,0
BRDA:160,18,0,0
BRDA:160,18,1,0
BRDA:167,19,0,0
BRDA:167,19,1,0
BRDA:188,20,0,0
BRDA:188,20,1,0
BRDA:189,21,0,0
BRDA:189,21,1,0
BRDA:190,22,0,0
BRDA:190,22,1,0
BRDA:191,23,0,0
BRDA:191,23,1,0
BRDA:199,24,0,0
BRDA:199,24,1,0
BRDA:201,25,0,0
BRDA:201,25,1,0
BRDA:202,26,0,0
BRDA:202,26,1,0
BRDA:203,27,0,0
BRDA:203,27,1,0
BRDA:207,28,0,0
BRDA:207,28,1,0
BRDA:209,29,0,0
BRDA:209,29,1,0
BRDA:211,30,0,0
BRDA:211,30,1,0
BRDA:220,31,0,0
BRDA:220,31,1,0
BRDA:221,32,0,0
BRDA:221,32,1,0
BRDA:224,33,0,0
BRDA:224,33,1,0
BRDA:227,34,0,0
BRDA:227,34,1,0
BRDA:228,35,0,0
BRDA:228,35,1,0
BRDA:229,36,0,0
BRDA:229,36,1,0
BRDA:231,37,0,0
BRDA:231,37,1,0
BRDA:232,38,0,0
BRDA:232,38,1,0
BRDA:232,39,0,0
BRDA:232,39,1,0
BRDA:234,40,0,0
BRDA:234,40,1,0
BRDA:234,41,0,0
BRDA:234,41,1,0
BRDA:270,42,0,0
BRDA:270,42,1,0
BRDA:270,43,0,0
BRDA:270,43,1,0
BRDA:282,44,0,0
BRDA:282,44,1,0
BRDA:282,45,0,0
BRDA:282,45,1,0
BRDA:287,46,0,0
BRDA:287,46,1,0
BRDA:291,47,0,0
BRDA:291,47,1,0
BRDA:308,48,0,2
BRDA:308,48,1,1
BRDA:319,49,0,2
BRDA:319,49,1,0
BRDA:319,50,0,2
BRDA:319,50,1,1
BRDA:323,51,0,0
BRDA:323,51,1,0
BRDA:337,52,0,0
BRDA:337,52,1,0
BRDA:337,53,0,0
BRDA:337,53,1,0
BRDA:353,54,0,0
BRDA:353,54,1,0
BRDA:360,55,0,0
BRDA:360,55,1,0
BRDA:365,56,0,0
BRDA:365,56,1,0
BRDA:374,57,0,0
BRDA:374,57,1,0
BRDA:375,58,0,0
BRDA:375,58,1,0
BRDA:402,59,0,0
BRDA:402,59,1,0
BRDA:404,60,0,0
BRDA:404,60,1,0
BRDA:407,61,0,0
BRDA:407,61,1,0
BRDA:423,62,0,0
BRDA:423,62,1,0
BRDA:432,63,0,0
BRDA:432,63,1,0
BRDA:437,64,0,0
BRDA:437,64,1,0
BRDA:480,65,0,1
BRDA:483,66,0,2
BRDA:487,67,0,1
BRDA:487,67,1,1
BRDA:513,68,0,1
BRDA:513,68,1,0
BRDA:555,69,0,0
BRDA:555,69,1,0
BRDA:559,70,0,0
BRDA:559,70,1,0
BRDA:559,71,0,0
BRDA:559,71,1,0
BRDA:572,72,0,0
BRDA:572,72,1,0
BRDA:572,73,0,0
BRDA:572,73,1,0
BRDA:602,74,0,0
BRDA:602,74,1,0
BRDA:613,75,0,0
BRDA:613,75,1,0
BRDA:614,76,0,0
BRDA:614,76,1,0
BRDA:640,77,0,0
BRDA:643,78,0,0
BRDA:643,78,1,0
BRDA:647,79,0,0
BRDA:647,79,1,0
BRDA:647,80,0,0
BRDA:647,80,1,0
BRDA:652,81,0,0
BRDA:652,81,1,0
BRDA:654,82,0,0
BRDA:654,82,1,0
BRDA:656,83,0,0
BRDA:656,83,1,0
BRDA:658,84,0,0
BRDA:658,84,1,0
BRDA:691,85,0,0
BRDA:691,85,1,0
BRDA:711,86,0,0
BRDA:711,86,1,0
BRDA:717,87,0,0
BRDA:717,87,1,0
BRF:174
BRH:20
end_of_record
TN:
SF:strategyEngine.js
FN:9,(anonymous_0)
FN:37,(anonymous_1)
FN:68,(anonymous_2)
FN:88,(anonymous_3)
FN:114,(anonymous_4)
FN:115,(anonymous_5)
FN:127,(anonymous_6)
FN:170,(anonymous_7)
FN:198,(anonymous_8)
FN:213,(anonymous_9)
FN:232,(anonymous_10)
FN:245,(anonymous_11)
FNF:12
FNH:12
FNDA:27,(anonymous_0)
FNDA:7,(anonymous_1)
FNDA:105,(anonymous_2)
FNDA:6,(anonymous_3)
FNDA:1,(anonymous_4)
FNDA:3,(anonymous_5)
FNDA:6,(anonymous_6)
FNDA:3,(anonymous_7)
FNDA:6,(anonymous_8)
FNDA:5,(anonymous_9)
FNDA:2,(anonymous_10)
FNDA:1,(anonymous_11)
DA:6,1
DA:10,27
DA:11,27
DA:12,27
DA:13,27
DA:16,27
DA:24,27
DA:38,7
DA:39,2
DA:43,5
DA:48,5
DA:54,5
DA:57,5
DA:59,5
DA:70,105
DA:71,105
DA:72,105
DA:74,105
DA:75,105
DA:77,105
DA:80,105
DA:89,6
DA:90,3
DA:94,3
DA:97,3
DA:98,2
DA:99,1
DA:100,1
DA:103,1
DA:106,2
DA:115,1
DA:116,3
DA:117,3
DA:118,3
DA:128,6
DA:129,1
DA:136,5
DA:139,5
DA:140,1
DA:141,1
DA:142,4
DA:143,1
DA:144,1
DA:145,3
DA:146,2
DA:147,2
DA:148,1
DA:149,0
DA:150,0
DA:152,1
DA:153,1
DA:156,5
DA:171,3
DA:172,1
DA:179,2
DA:180,2
DA:182,2
DA:183,2
DA:185,2
DA:199,6
DA:200,2
DA:201,4
DA:202,4
DA:204,0
DA:214,5
DA:215,5
DA:216,3
DA:218,2
DA:222,5
DA:233,2
DA:246,1
DA:255,1
LF:72
LH:69
BRDA:9,0,0,24
BRDA:10,1,0,27
BRDA:10,1,1,26
BRDA:11,2,0,27
BRDA:11,2,1,26
BRDA:17,3,0,27
BRDA:17,3,1,27
BRDA:18,4,0,27
BRDA:18,4,1,27
BRDA:19,5,0,27
BRDA:19,5,1,27
BRDA:20,6,0,27
BRDA:20,6,1,27
BRDA:38,7,0,2
BRDA:38,7,1,5
BRDA:89,8,0,3
BRDA:89,8,1,3
BRDA:89,9,0,6
BRDA:89,9,1,5
BRDA:94,10,0,3
BRDA:94,10,1,0
BRDA:97,11,0,2
BRDA:97,11,1,1
BRDA:98,12,0,1
BRDA:98,12,1,1
BRDA:116,13,0,3
BRDA:116,13,1,0
BRDA:116,14,0,3
BRDA:116,14,1,0
BRDA:117,15,0,3
BRDA:117,15,1,0
BRDA:117,16,0,3
BRDA:117,16,1,0
BRDA:128,17,0,1
BRDA:128,17,1,5
BRDA:136,18,0,5
BRDA:136,18,1,0
BRDA:139,19,0,1
BRDA:139,19,1,4
BRDA:142,20,0,1
BRDA:142,20,1,3
BRDA:145,21,0,2
BRDA:145,21,1,1
BRDA:148,22,0,0
BRDA:148,22,1,1
BRDA:171,23,0,1
BRDA:171,23,1,2
BRDA:199,24,0,2
BRDA:199,24,1,4
BRDA:201,25,0,4
BRDA:201,25,1,0
BRDA:215,26,0,3
BRDA:215,26,1,2
BRDA:235,27,0,1
BRDA:235,27,1,1
BRF:55
BRH:47
end_of_record
TN:
SF:textUtils.js
FN:6,cleanText
FN:35,extractIndexKeys
FNF:2
FNH:2
FNDA:17,cleanText
FNDA:5,extractIndexKeys
DA:7,17
DA:10,12
DA:11,12
DA:12,84
DA:13,84
DA:15,1
DA:16,83
DA:18,7
DA:20,76
DA:24,12
DA:25,12
DA:27,12
DA:28,12
DA:29,12
DA:36,5
DA:37,5
DA:38,3
DA:39,3
DA:40,3
DA:41,3
DA:44,2
LF:21
LH:21
BRDA:7,0,0,5
BRDA:7,0,1,12
BRDA:13,1,0,1
BRDA:13,1,1,83
BRDA:16,2,0,7
BRDA:16,2,1,76
BRDA:16,3,0,83
BRDA:16,3,1,7
BRDA:36,4,0,5
BRDA:36,4,1,2
BRDA:37,5,0,2
BRDA:37,5,1,3
BRDA:39,6,0,3
BRDA:39,6,1,0
BRF:14
BRH:13
end_of_record
